Virtual User Script started at: 01-09-2020 21:33:34
Starting action vuser_init.
Web Turbo Replay of LoadRunner 2020.0.0 for Windows 10; build 793 (Nov 27 2019 19:51:20)  	[MsgId: MMSG-26983]
Run mode: HTML  	[MsgId: MMSG-26993]
Replay user agent: Mozilla/5.0 (Windows NT 6.3; Win64; x64) AppleWebKit/537.36 (KHTML, like Gecko) Chrome/85.0.4183.83 Safari/537.36  	[MsgId: MMSG-26988]
Runtime Settings file: "C:\Project\PVI\Scripts\CaseUpdate\UpdateCase3\\default.cfg"  	[MsgId: MMSG-27141]
Ending action vuser_init.
Running Vuser...
Starting iteration 1.
Starting action Action.
Action.c(4): web_set_sockets_option started  	[MsgId: MMSG-26355]
Action.c(4): web_set_sockets_option was successful  	[MsgId: MMSG-26392]
Action.c(6): web_cleanup_auto_headers started  	[MsgId: MMSG-26355]
Action.c(6): web_cleanup_auto_headers was successful  	[MsgId: MMSG-26392]
Action.c(8): Notify: Transaction "UpdateCase3_01_OpenApplication" started.
Action.c(9): web_add_header("Accept-Encoding") started  	[MsgId: MMSG-26355]
Action.c(9): web_add_header("Accept-Encoding") was successful  	[MsgId: MMSG-26392]
Action.c(12): web_add_header("Accept") started  	[MsgId: MMSG-26355]
Action.c(12): web_add_header("Accept") was successful  	[MsgId: MMSG-26392]
Action.c(15): web_add_header("Accept-Language") started  	[MsgId: MMSG-26355]
Action.c(15): web_add_header("Accept-Language") was successful  	[MsgId: MMSG-26392]
Action.c(18): web_add_header("Upgrade-Insecure-Requests") started  	[MsgId: MMSG-26355]
Action.c(18): web_add_header("Upgrade-Insecure-Requests") was successful  	[MsgId: MMSG-26392]
Action.c(21): web_add_auto_header("User-Agent") started  	[MsgId: MMSG-26355]
Action.c(21): web_add_auto_header("User-Agent") was successful  	[MsgId: MMSG-26392]
Action.c(24): web_reg_find started  	[MsgId: MMSG-26355]
Action.c(24): Registering web_reg_find was successful  	[MsgId: MMSG-26390]
Action.c(28): web_url("external") started  	[MsgId: MMSG-26355]
Action.c(28): Registered web_reg_find successful for "Text=Login" (count=1)  	[MsgId: MMSG-26364]
Action.c(28): web_url("external") was successful, 1178 body bytes, 396 header bytes, 35 chunking overhead bytes  	[MsgId: MMSG-26385]
Action.c(39): web_add_header("Accept-Encoding") started  	[MsgId: MMSG-26355]
Action.c(39): web_add_header("Accept-Encoding") was successful  	[MsgId: MMSG-26392]
Action.c(42): web_add_header("A-IM") started  	[MsgId: MMSG-26355]
Action.c(42): web_add_header("A-IM") was successful  	[MsgId: MMSG-26392]
Action.c(45): web_add_header("If-None-Match") started  	[MsgId: MMSG-26355]
Action.c(45): Warning -26594: The header being added may cause unpredictable results if applied to ALL the URLs generated on behalf of the next script function. It will apply to the primary URL only.  	[MsgId: MWAR-26594]
Action.c(45): web_add_header("If-None-Match") highest severity level was "warning"  	[MsgId: MMSG-26391]
Action.c(48): web_add_header("Sec-Fetch-Dest") started  	[MsgId: MMSG-26355]
Action.c(48): web_add_header("Sec-Fetch-Dest") was successful  	[MsgId: MMSG-26392]
Action.c(51): web_add_header("Sec-Fetch-Mode") started  	[MsgId: MMSG-26355]
Action.c(51): web_add_header("Sec-Fetch-Mode") was successful  	[MsgId: MMSG-26392]
Action.c(54): web_add_header("Sec-Fetch-Site") started  	[MsgId: MMSG-26355]
Action.c(54): web_add_header("Sec-Fetch-Site") was successful  	[MsgId: MMSG-26392]
Action.c(57): web_add_header("Accept") started  	[MsgId: MMSG-26355]
Action.c(57): web_add_header("Accept") was successful  	[MsgId: MMSG-26392]
Action.c(60): web_add_auto_header("Accept-Encoding") started  	[MsgId: MMSG-26355]
Action.c(60): web_add_auto_header("Accept-Encoding") was successful  	[MsgId: MMSG-26392]
Action.c(63): web_add_auto_header("Accept-Language") started  	[MsgId: MMSG-26355]
Action.c(63): web_add_auto_header("Accept-Language") was successful  	[MsgId: MMSG-26392]
Action.c(66): web_concurrent_start started  	[MsgId: MMSG-26355]
Action.c(66): web_concurrent_start was successful  	[MsgId: MMSG-26392]
Action.c(67): web_url("login-17e4cb116ee46711bb739b7018d00771.css") started  	[MsgId: MMSG-26355]
Action.c(67): Registering web_url("login-17e4cb116ee46711bb739b7018d00771.css") was successful  	[MsgId: MMSG-26390]
Action.c(78): web_url("jquery-fdb24ba38c94d04e948de967076c64aa.js") started  	[MsgId: MMSG-26355]
Action.c(78): Registering web_url("jquery-fdb24ba38c94d04e948de967076c64aa.js") was successful  	[MsgId: MMSG-26390]
Action.c(89): web_url("bootstrap-c5ae98cdc147f655f96564c4340000c4.css") started  	[MsgId: MMSG-26355]
Action.c(89): Registering web_url("bootstrap-c5ae98cdc147f655f96564c4340000c4.css") was successful  	[MsgId: MMSG-26390]
Action.c(100): web_url("bootstrap.min-79b5346433d3bdf736aab2379a008083.js") started  	[MsgId: MMSG-26355]
Action.c(100): Registering web_url("bootstrap.min-79b5346433d3bdf736aab2379a008083.js") was successful  	[MsgId: MMSG-26390]
Action.c(108): web_url("notify-metro-3463085bfd0a7cac9f983d075b271bca.js") started  	[MsgId: MMSG-26355]
Action.c(108): Registering web_url("notify-metro-3463085bfd0a7cac9f983d075b271bca.js") was successful  	[MsgId: MMSG-26390]
Action.c(116): web_url("jquery.core-2521768e514d3a431ddca828a1bebd3c.js") started  	[MsgId: MMSG-26355]
Action.c(116): Registering web_url("jquery.core-2521768e514d3a431ddca828a1bebd3c.js") was successful  	[MsgId: MMSG-26390]
Action.c(124): web_url("notify.min-a1134657dba6e98914066f2530604e68.js") started  	[MsgId: MMSG-26355]
Action.c(124): Registering web_url("notify.min-a1134657dba6e98914066f2530604e68.js") was successful  	[MsgId: MMSG-26390]
Action.c(134): web_concurrent_end started  	[MsgId: MMSG-26355]
Action.c(134): web_concurrent_end was successful, 103692 body bytes, 2445 header bytes  	[MsgId: MMSG-26386]
Action.c(136): Notify: Transaction "UpdateCase3_01_OpenApplication" ended with a "Pass" status (Duration: 5.0365 Wasted Time: 0.1281).
Action.c(141): Notify: Transaction "UpdateCase3_02_Login" started.
Action.c(143): web_add_auto_header("Accept") started  	[MsgId: MMSG-26355]
Action.c(143): web_add_auto_header("Accept") was successful  	[MsgId: MMSG-26392]
Action.c(146): web_add_header("Cache-Control") started  	[MsgId: MMSG-26355]
Action.c(146): web_add_header("Cache-Control") was successful  	[MsgId: MMSG-26392]
Action.c(149): web_add_header("Origin") started  	[MsgId: MMSG-26355]
Action.c(149): web_add_header("Origin") was successful  	[MsgId: MMSG-26392]
Action.c(152): web_add_header("Upgrade-Insecure-Requests") started  	[MsgId: MMSG-26355]
Action.c(152): web_add_header("Upgrade-Insecure-Requests") was successful  	[MsgId: MMSG-26392]
Action.c(155): web_reg_find started  	[MsgId: MMSG-26355]
Action.c(155): Registering web_reg_find was successful  	[MsgId: MMSG-26390]
Action.c(160): web_reg_save_param_ex started  	[MsgId: MMSG-26355]
Action.c(160): Registering web_reg_save_param_ex was successful  	[MsgId: MMSG-26390]
Action.c(170): web_submit_data("authenticate") started  	[MsgId: MMSG-26355]
Action.c(170): Redirecting "http://10.100.22.34:8083/login/authenticate" (redirection depth is 0)  	[MsgId: MMSG-26694]
Action.c(170): To location "http://10.100.22.34:8083/?token=4a9fd516-cdd1-45c5-94f3-e91c9e26186c"  	[MsgId: MMSG-26693]
Action.c(170): Registered web_reg_find successful for "Text=Welcome to PV Admin" (count=3)  	[MsgId: MMSG-26364]
Action.c(170): web_submit_data("authenticate") was successful, 3269 body bytes, 561 header bytes, 63 chunking overhead bytes  	[MsgId: MMSG-26385]
Action.c(183): web_concurrent_start started  	[MsgId: MMSG-26355]
Action.c(183): web_concurrent_start was successful  	[MsgId: MMSG-26392]
Action.c(185): web_url("change-theme-d6b58272d1305acd108c19d477017de0.js") started  	[MsgId: MMSG-26355]
Action.c(185): Registering web_url("change-theme-d6b58272d1305acd108c19d477017de0.js") was successful  	[MsgId: MMSG-26390]
Action.c(193): web_url("jquery-2.2.4-f3b292379cbb03d9a68dc04fb0ac6bf5.js") started  	[MsgId: MMSG-26355]
Action.c(193): Registering web_url("jquery-2.2.4-f3b292379cbb03d9a68dc04fb0ac6bf5.js") was successful  	[MsgId: MMSG-26390]
Action.c(201): web_url("application-3d87bac6ca7e570033e3b49e320180b2.css") started  	[MsgId: MMSG-26355]
Action.c(201): Registering web_url("application-3d87bac6ca7e570033e3b49e320180b2.css") was successful  	[MsgId: MMSG-26390]
Action.c(209): web_url("UIConstants-e05f20031f3c986ffd86b552402112e0.js") started  	[MsgId: MMSG-26355]
Action.c(209): Registering web_url("UIConstants-e05f20031f3c986ffd86b552402112e0.js") was successful  	[MsgId: MMSG-26390]
Action.c(217): web_url("application-73702747dcb4dc1831955be89087898f.js") started  	[MsgId: MMSG-26355]
Action.c(217): Registering web_url("application-73702747dcb4dc1831955be89087898f.js") was successful  	[MsgId: MMSG-26390]
Action.c(233): web_url("loadTheme") started  	[MsgId: MMSG-26355]
Action.c(233): Registering web_url("loadTheme") was successful  	[MsgId: MMSG-26390]
Action.c(247): web_url("materialdesignicons-webfont-af3f6dbe172a9c1aba77366a2ff630d1.woff2") started  	[MsgId: MMSG-26355]
Action.c(247): Registering web_url("materialdesignicons-webfont-af3f6dbe172a9c1aba77366a2ff630d1.woff2") was successful  	[MsgId: MMSG-26390]
Action.c(257): web_url("fontawesome-webfont-af7ae505a9eed503f8b8e6982036873e.woff2") started  	[MsgId: MMSG-26355]
Action.c(257): Registering web_url("fontawesome-webfont-af7ae505a9eed503f8b8e6982036873e.woff2") was successful  	[MsgId: MMSG-26390]
Action.c(267): web_url("OpenSans-Regular-cffb686d7d2f4682df8342bd4d276e09.woff2") started  	[MsgId: MMSG-26355]
Action.c(267): Registering web_url("OpenSans-Regular-cffb686d7d2f4682df8342bd4d276e09.woff2") was successful  	[MsgId: MMSG-26390]
Action.c(281): web_url("en.json") started  	[MsgId: MMSG-26355]
Action.c(281): Registering web_url("en.json") was successful  	[MsgId: MMSG-26390]
Action.c(290): web_concurrent_end started  	[MsgId: MMSG-26355]
Action.c(290): web_concurrent_end was successful, 750799 body bytes, 3202 header bytes, 21 chunking overhead bytes  	[MsgId: MMSG-26385]
Action.c(291): Notify: Transaction "UpdateCase3_02_Login" ended with a "Pass" status (Duration: 6.9910 Wasted Time: 0.2039).
Action.c(296): Notify: Transaction "UpdateCase3_03_NavigateToPVIntake" started.
Action.c(299): web_remove_auto_header("Sec-Fetch-Dest") started  	[MsgId: MMSG-26355]
Action.c(299): Warning -26590: web_remove/revert_auto_header for "Sec-Fetch-Dest" had no effect  	[MsgId: MWAR-26590]
Action.c(299): web_remove/revert_auto_header("Sec-Fetch-Dest") highest severity level was "warning"  	[MsgId: MMSG-26391]
Action.c(301): web_remove_auto_header("Sec-Fetch-Mode") started  	[MsgId: MMSG-26355]
Action.c(301): Warning -26590: web_remove/revert_auto_header for "Sec-Fetch-Mode" had no effect  	[MsgId: MWAR-26590]
Action.c(301): web_remove/revert_auto_header("Sec-Fetch-Mode") highest severity level was "warning"  	[MsgId: MMSG-26391]
Action.c(303): web_remove_auto_header("Sec-Fetch-Site") started  	[MsgId: MMSG-26355]
Action.c(303): Warning -26590: web_remove/revert_auto_header for "Sec-Fetch-Site" had no effect  	[MsgId: MWAR-26590]
Action.c(303): web_remove/revert_auto_header("Sec-Fetch-Site") highest severity level was "warning"  	[MsgId: MMSG-26391]
Action.c(305): web_add_header("Accept") started  	[MsgId: MMSG-26355]
Action.c(305): web_add_header("Accept") was successful  	[MsgId: MMSG-26392]
Action.c(308): web_add_auto_header("Accept-Language") started  	[MsgId: MMSG-26355]
Action.c(308): web_add_auto_header("Accept-Language") was successful  	[MsgId: MMSG-26392]
Action.c(311): web_add_auto_header("Accept-Encoding") started  	[MsgId: MMSG-26355]
Action.c(311): web_add_auto_header("Accept-Encoding") was successful  	[MsgId: MMSG-26392]
Action.c(314): web_add_header("Upgrade-Insecure-Requests") started  	[MsgId: MMSG-26355]
Action.c(314): web_add_header("Upgrade-Insecure-Requests") was successful  	[MsgId: MMSG-26392]
Action.c(318): web_reg_save_param_ex started  	[MsgId: MMSG-26355]
Action.c(318): Registering web_reg_save_param_ex was successful  	[MsgId: MMSG-26390]
Action.c(328): web_url("10.100.22.243:8081") started  	[MsgId: MMSG-26355]
Action.c(328): Redirecting "http://10.100.22.243:8081/" (redirection depth is 0)  	[MsgId: MMSG-26694]
Action.c(328): To location "http://10.100.22.243:8081/login/index"  	[MsgId: MMSG-26693]
Action.c(328): Redirecting "http://10.100.22.243:8081/login/index" (redirection depth is 1)  	[MsgId: MMSG-26694]
Action.c(328): To location "http://10.100.22.34:8083/auth?callBackUrl=http://10.100.22.243:8081/login/success"  	[MsgId: MMSG-26693]
Action.c(328): Redirecting "http://10.100.22.34:8083/auth?callBackUrl=http://10.100.22.243:8081/login/success" (redirection depth is 2)  	[MsgId: MMSG-26694]
Action.c(328): To location "http://10.100.22.243:8081/login/success?token=4a9fd516-cdd1-45c5-94f3-e91c9e26186c"  	[MsgId: MMSG-26693]
Action.c(328): Redirecting "http://10.100.22.243:8081/login/success?token=4a9fd516-cdd1-45c5-94f3-e91c9e26186c" (redirection depth is 3)  	[MsgId: MMSG-26694]
Action.c(328): To location "http://10.100.22.243:8081/"  	[MsgId: MMSG-26693]
Action.c(328): web_url("10.100.22.243:8081") was successful, 24015 body bytes, 1367 header bytes, 359 chunking overhead bytes  	[MsgId: MMSG-26385]
Action.c(340): web_concurrent_start started  	[MsgId: MMSG-26355]
Action.c(340): web_concurrent_start was successful  	[MsgId: MMSG-26392]
Action.c(342): web_url("dashboard-manifest-b8c4a5998dad68d4595e4d0aa8d50016.css") started  	[MsgId: MMSG-26355]
Action.c(342): Registering web_url("dashboard-manifest-b8c4a5998dad68d4595e4d0aa8d50016.css") was successful  	[MsgId: MMSG-26390]
Action.c(353): web_url("application-13a1ddae267b7b6a32d12cfb1ac98e43.css") started  	[MsgId: MMSG-26355]
Action.c(353): Registering web_url("application-13a1ddae267b7b6a32d12cfb1ac98e43.css") was successful  	[MsgId: MMSG-26390]
Action.c(364): web_url("jquery-2.2.4-e72e6e97da5fd952079c33c415741fc6.js") started  	[MsgId: MMSG-26355]
Action.c(364): Registering web_url("jquery-2.2.4-e72e6e97da5fd952079c33c415741fc6.js") was successful  	[MsgId: MMSG-26390]
Action.c(375): web_url("UIConstants-ee3587ab40d47b8bed173814ecf5a0be.js") started  	[MsgId: MMSG-26355]
Action.c(375): Registering web_url("UIConstants-ee3587ab40d47b8bed173814ecf5a0be.js") was successful  	[MsgId: MMSG-26390]
Action.c(386): web_url("change-theme-6ebd5f05979bc64dfe2d6f10b3e3b3db.js") started  	[MsgId: MMSG-26355]
Action.c(386): Registering web_url("change-theme-6ebd5f05979bc64dfe2d6f10b3e3b3db.js") was successful  	[MsgId: MMSG-26390]
Action.c(397): web_url("application-a0469687a4859320633b35ed9c5374ee.js") started  	[MsgId: MMSG-26355]
Action.c(397): Registering web_url("application-a0469687a4859320633b35ed9c5374ee.js") was successful  	[MsgId: MMSG-26390]
Action.c(408): web_url("attachmentViewer-manifest-b347c0c37643c7b9e173f4b09adae617.js") started  	[MsgId: MMSG-26355]
Action.c(408): Registering web_url("attachmentViewer-manifest-b347c0c37643c7b9e173f4b09adae617.js") was successful  	[MsgId: MMSG-26390]
Action.c(419): web_url("dashboard-manifest-10f1ed9d89cf396671bd4e3042b74253.js") started  	[MsgId: MMSG-26355]
Action.c(419): Registering web_url("dashboard-manifest-10f1ed9d89cf396671bd4e3042b74253.js") was successful  	[MsgId: MMSG-26390]
Action.c(435): web_url("loadTheme_2") started  	[MsgId: MMSG-26355]
Action.c(435): Registering web_url("loadTheme_2") was successful  	[MsgId: MMSG-26390]
Action.c(449): web_url("materialdesignicons-webfont-af3f6dbe172a9c1aba77366a2ff630d1.woff2_2") started  	[MsgId: MMSG-26355]
Action.c(449): Registering web_url("materialdesignicons-webfont-af3f6dbe172a9c1aba77366a2ff630d1.woff2_2") was successful  	[MsgId: MMSG-26390]
Action.c(459): web_url("OpenSans-Regular-cffb686d7d2f4682df8342bd4d276e09.woff2_2") started  	[MsgId: MMSG-26355]
Action.c(459): Registering web_url("OpenSans-Regular-cffb686d7d2f4682df8342bd4d276e09.woff2_2") was successful  	[MsgId: MMSG-26390]
Action.c(469): web_url("fontawesome-webfont-af7ae505a9eed503f8b8e6982036873e.woff2_2") started  	[MsgId: MMSG-26355]
Action.c(469): Registering web_url("fontawesome-webfont-af7ae505a9eed503f8b8e6982036873e.woff2_2") was successful  	[MsgId: MMSG-26390]
Action.c(481): web_url("appConfig") started  	[MsgId: MMSG-26355]
Action.c(481): Registering web_url("appConfig") was successful  	[MsgId: MMSG-26390]
Action.c(493): web_url("loadAllState") started  	[MsgId: MMSG-26355]
Action.c(493): Registering web_url("loadAllState") was successful  	[MsgId: MMSG-26390]
Action.c(505): web_url("loadServerTime") started  	[MsgId: MMSG-26355]
Action.c(505): Registering web_url("loadServerTime") was successful  	[MsgId: MMSG-26390]
Action.c(517): web_url("referenceData") started  	[MsgId: MMSG-26355]
Action.c(517): Registering web_url("referenceData") was successful  	[MsgId: MMSG-26390]
Action.c(526): web_url("personalStats") started  	[MsgId: MMSG-26355]
Action.c(526): Registering web_url("personalStats") was successful  	[MsgId: MMSG-26390]
Action.c(535): web_url("en-US.json") started  	[MsgId: MMSG-26355]
Action.c(535): Registering web_url("en-US.json") was successful  	[MsgId: MMSG-26390]
Action.c(544): web_url("redactionReason.json") started  	[MsgId: MMSG-26355]
Action.c(544): Registering web_url("redactionReason.json") was successful  	[MsgId: MMSG-26390]
Action.c(553): web_url("predefinedSearch.json") started  	[MsgId: MMSG-26355]
Action.c(553): Registering web_url("predefinedSearch.json") was successful  	[MsgId: MMSG-26390]
Action.c(562): web_url("1") started  	[MsgId: MMSG-26355]
Action.c(562): Registering web_url("1") was successful  	[MsgId: MMSG-26390]
Action.c(571): web_url("2") started  	[MsgId: MMSG-26355]
Action.c(571): Registering web_url("2") was successful  	[MsgId: MMSG-26390]
Action.c(580): web_url("commentTemplate.html") started  	[MsgId: MMSG-26355]
Action.c(580): Registering web_url("commentTemplate.html") was successful  	[MsgId: MMSG-26390]
Action.c(589): web_url("contextMenuTemplate.html") started  	[MsgId: MMSG-26355]
Action.c(589): Registering web_url("contextMenuTemplate.html") was successful  	[MsgId: MMSG-26390]
Action.c(598): web_url("copyOverlayTemplate.html") started  	[MsgId: MMSG-26355]
Action.c(598): Registering web_url("copyOverlayTemplate.html") was successful  	[MsgId: MMSG-26390]
Action.c(607): web_url("downloadOverlayTemplate.html") started  	[MsgId: MMSG-26355]
Action.c(607): Registering web_url("downloadOverlayTemplate.html") was successful  	[MsgId: MMSG-26390]
Action.c(619): web_url("glyphicons-halflings-regular-448c34a56d699c29117adc64c43affeb.woff2") started  	[MsgId: MMSG-26355]
Action.c(619): Registering web_url("glyphicons-halflings-regular-448c34a56d699c29117adc64c43affeb.woff2") was successful  	[MsgId: MMSG-26390]
Action.c(626): web_url("esignOverlayTemplate.html") started  	[MsgId: MMSG-26355]
Action.c(626): Registering web_url("esignOverlayTemplate.html") was successful  	[MsgId: MMSG-26390]
Action.c(635): web_url("hyperlinkMenuTemplate.html") started  	[MsgId: MMSG-26355]
Action.c(635): Registering web_url("hyperlinkMenuTemplate.html") was successful  	[MsgId: MMSG-26390]
Action.c(644): web_url("imageStampOverlayTemplate.html") started  	[MsgId: MMSG-26355]
Action.c(644): Registering web_url("imageStampOverlayTemplate.html") was successful  	[MsgId: MMSG-26390]
Action.c(653): web_url("overwriteOverlayTemplate.html") started  	[MsgId: MMSG-26355]
Action.c(653): Registering web_url("overwriteOverlayTemplate.html") was successful  	[MsgId: MMSG-26390]
Action.c(662): web_url("pageRedactionOverlayTemplate.html") started  	[MsgId: MMSG-26355]
Action.c(662): Registering web_url("pageRedactionOverlayTemplate.html") was successful  	[MsgId: MMSG-26390]
Action.c(671): web_url("printOverlayTemplate.html") started  	[MsgId: MMSG-26355]
Action.c(671): Registering web_url("printOverlayTemplate.html") was successful  	[MsgId: MMSG-26390]
Action.c(680): web_url("printTemplate.html") started  	[MsgId: MMSG-26355]
Action.c(680): Registering web_url("printTemplate.html") was successful  	[MsgId: MMSG-26390]
Action.c(689): web_url("redactionReasonTemplate.html") started  	[MsgId: MMSG-26355]
Action.c(689): Registering web_url("redactionReasonTemplate.html") was successful  	[MsgId: MMSG-26390]
Action.c(698): web_url("unsavedChangesOverlayTemplate.html") started  	[MsgId: MMSG-26355]
Action.c(698): Registering web_url("unsavedChangesOverlayTemplate.html") was successful  	[MsgId: MMSG-26390]
Action.c(707): web_url("viewerTemplate.html") started  	[MsgId: MMSG-26355]
Action.c(707): Registering web_url("viewerTemplate.html") was successful  	[MsgId: MMSG-26390]
Action.c(716): web_concurrent_end started  	[MsgId: MMSG-26355]
Action.c(716): web_concurrent_end was successful, 1139882 body bytes, 12043 header bytes, 233 chunking overhead bytes  	[MsgId: MMSG-26385]
Action.c(718): web_add_auto_header("Origin") started  	[MsgId: MMSG-26355]
Action.c(718): web_add_auto_header("Origin") was successful  	[MsgId: MMSG-26392]
Action.c(721): web_add_auto_header("X-CSRF-TOKEN") started  	[MsgId: MMSG-26355]
Action.c(721): web_add_auto_header("X-CSRF-TOKEN") was successful  	[MsgId: MMSG-26392]
Action.c(724): web_concurrent_start started  	[MsgId: MMSG-26355]
Action.c(724): web_concurrent_start was successful  	[MsgId: MMSG-26392]
Action.c(726): web_submit_data("loadState") started  	[MsgId: MMSG-26355]
Action.c(726): Registering web_submit_data("loadState") was successful  	[MsgId: MMSG-26390]
Action.c(741): web_submit_data("updateWidget") started  	[MsgId: MMSG-26355]
Action.c(741): Registering web_submit_data("updateWidget") was successful  	[MsgId: MMSG-26390]
Action.c(756): web_submit_data("1_2") started  	[MsgId: MMSG-26355]
Action.c(756): Registering web_submit_data("1_2") was successful  	[MsgId: MMSG-26390]
Action.c(1239): web_submit_data("updateWidget_2") started  	[MsgId: MMSG-26355]
Action.c(1239): Registering web_submit_data("updateWidget_2") was successful  	[MsgId: MMSG-26390]
Action.c(1254): web_submit_data("loadState_2") started  	[MsgId: MMSG-26355]
Action.c(1254): Registering web_submit_data("loadState_2") was successful  	[MsgId: MMSG-26390]
Action.c(1266): web_submit_data("2_2") started  	[MsgId: MMSG-26355]
Action.c(1266): Registering web_submit_data("2_2") was successful  	[MsgId: MMSG-26390]
Action.c(1746): web_concurrent_end started  	[MsgId: MMSG-26355]
Action.c(1746): web_concurrent_end was successful, 961 body bytes, 1500 header bytes, 133 chunking overhead bytes  	[MsgId: MMSG-26385]
Action.c(1747): Notify: Transaction "UpdateCase3_03_NavigateToPVIntake" ended with a "Pass" status (Duration: 18.0931 Wasted Time: 0.3877).
Action.c(1751): Notify: Transaction "UpdateCase3_04_IntakeQueueMyCases" started.
Action.c(1753): web_remove_auto_header("Origin") started  	[MsgId: MMSG-26355]
Action.c(1753): Previous automatically added web header for "Origin" removed  	[MsgId: MMSG-26587]
Action.c(1753): web_remove/revert_auto_header("Origin") was successful  	[MsgId: MMSG-26392]
Action.c(1755): web_remove_auto_header("X-CSRF-TOKEN") started  	[MsgId: MMSG-26355]
Action.c(1755): Previous automatically added web header for "X-CSRF-TOKEN" removed  	[MsgId: MMSG-26587]
Action.c(1755): web_remove/revert_auto_header("X-CSRF-TOKEN") was successful  	[MsgId: MMSG-26392]
Action.c(1757): web_remove_auto_header("X-Requested-With") started  	[MsgId: MMSG-26355]
Action.c(1757): Warning -26590: web_remove/revert_auto_header for "X-Requested-With" had no effect  	[MsgId: MWAR-26590]
Action.c(1757): web_remove/revert_auto_header("X-Requested-With") highest severity level was "warning"  	[MsgId: MMSG-26391]
Action.c(1759): web_add_auto_header("Accept") started  	[MsgId: MMSG-26355]
Action.c(1759): web_add_auto_header("Accept") was successful  	[MsgId: MMSG-26392]
Action.c(1762): web_add_header("Upgrade-Insecure-Requests") started  	[MsgId: MMSG-26355]
Action.c(1762): web_add_header("Upgrade-Insecure-Requests") was successful  	[MsgId: MMSG-26392]
Action.c(1765): web_url("queue") started  	[MsgId: MMSG-26355]
Action.c(1765): web_url("queue") was successful, 17276 body bytes, 265 header bytes, 253 chunking overhead bytes  	[MsgId: MMSG-26385]
Action.c(1774): web_concurrent_start started  	[MsgId: MMSG-26355]
Action.c(1774): web_concurrent_start was successful  	[MsgId: MMSG-26392]
Action.c(1776): web_url("list-24eb5f840484c7ed5a76f95c9fe17ba2.css") started  	[MsgId: MMSG-26355]
Action.c(1776): Registering web_url("list-24eb5f840484c7ed5a76f95c9fe17ba2.css") was successful  	[MsgId: MMSG-26390]
Action.c(1784): web_url("list-manifest-185621e31c59b25205353c6a318d5899.js") started  	[MsgId: MMSG-26355]
Action.c(1784): Registering web_url("list-manifest-185621e31c59b25205353c6a318d5899.js") was successful  	[MsgId: MMSG-26390]
Action.c(1800): web_url("en-US.json_2") started  	[MsgId: MMSG-26355]
Action.c(1800): Registering web_url("en-US.json_2") was successful  	[MsgId: MMSG-26390]
Action.c(1809): web_url("redactionReason.json_2") started  	[MsgId: MMSG-26355]
Action.c(1809): Registering web_url("redactionReason.json_2") was successful  	[MsgId: MMSG-26390]
Action.c(1818): web_url("predefinedSearch.json_2") started  	[MsgId: MMSG-26355]
Action.c(1818): Registering web_url("predefinedSearch.json_2") was successful  	[MsgId: MMSG-26390]
Action.c(1827): web_url("commentTemplate.html_2") started  	[MsgId: MMSG-26355]
Action.c(1827): Registering web_url("commentTemplate.html_2") was successful  	[MsgId: MMSG-26390]
Action.c(1836): web_url("copyOverlayTemplate.html_2") started  	[MsgId: MMSG-26355]
Action.c(1836): Registering web_url("copyOverlayTemplate.html_2") was successful  	[MsgId: MMSG-26390]
Action.c(1845): web_url("contextMenuTemplate.html_2") started  	[MsgId: MMSG-26355]
Action.c(1845): Registering web_url("contextMenuTemplate.html_2") was successful  	[MsgId: MMSG-26390]
Action.c(1854): web_url("downloadOverlayTemplate.html_2") started  	[MsgId: MMSG-26355]
Action.c(1854): Registering web_url("downloadOverlayTemplate.html_2") was successful  	[MsgId: MMSG-26390]
Action.c(1863): web_url("esignOverlayTemplate.html_2") started  	[MsgId: MMSG-26355]
Action.c(1863): Registering web_url("esignOverlayTemplate.html_2") was successful  	[MsgId: MMSG-26390]
Action.c(1872): web_url("hyperlinkMenuTemplate.html_2") started  	[MsgId: MMSG-26355]
Action.c(1872): Registering web_url("hyperlinkMenuTemplate.html_2") was successful  	[MsgId: MMSG-26390]
Action.c(1881): web_url("imageStampOverlayTemplate.html_2") started  	[MsgId: MMSG-26355]
Action.c(1881): Registering web_url("imageStampOverlayTemplate.html_2") was successful  	[MsgId: MMSG-26390]
Action.c(1890): web_url("pageRedactionOverlayTemplate.html_2") started  	[MsgId: MMSG-26355]
Action.c(1890): Registering web_url("pageRedactionOverlayTemplate.html_2") was successful  	[MsgId: MMSG-26390]
Action.c(1899): web_url("overwriteOverlayTemplate.html_2") started  	[MsgId: MMSG-26355]
Action.c(1899): Registering web_url("overwriteOverlayTemplate.html_2") was successful  	[MsgId: MMSG-26390]
Action.c(1908): web_url("printOverlayTemplate.html_2") started  	[MsgId: MMSG-26355]
Action.c(1908): Registering web_url("printOverlayTemplate.html_2") was successful  	[MsgId: MMSG-26390]
Action.c(1917): web_url("printTemplate.html_2") started  	[MsgId: MMSG-26355]
Action.c(1917): Registering web_url("printTemplate.html_2") was successful  	[MsgId: MMSG-26390]
Action.c(1926): web_url("redactionReasonTemplate.html_2") started  	[MsgId: MMSG-26355]
Action.c(1926): Registering web_url("redactionReasonTemplate.html_2") was successful  	[MsgId: MMSG-26390]
Action.c(1935): web_url("viewerTemplate.html_2") started  	[MsgId: MMSG-26355]
Action.c(1935): Registering web_url("viewerTemplate.html_2") was successful  	[MsgId: MMSG-26390]
Action.c(1944): web_url("unsavedChangesOverlayTemplate.html_2") started  	[MsgId: MMSG-26355]
Action.c(1944): Registering web_url("unsavedChangesOverlayTemplate.html_2") was successful  	[MsgId: MMSG-26390]
Action.c(1953): web_url("2_3") started  	[MsgId: MMSG-26355]
Action.c(1953): Registering web_url("2_3") was successful  	[MsgId: MMSG-26390]
Action.c(1965): web_url("loadServerTime_2") started  	[MsgId: MMSG-26355]
Action.c(1965): Registering web_url("loadServerTime_2") was successful  	[MsgId: MMSG-26390]
Action.c(1974): web_concurrent_end started  	[MsgId: MMSG-26355]
Action.c(1974): web_concurrent_end was successful, 85422 body bytes, 7199 header bytes, 63 chunking overhead bytes  	[MsgId: MMSG-26385]
Action.c(1976): web_add_auto_header("Accept") started  	[MsgId: MMSG-26355]
Action.c(1976): web_add_auto_header("Accept") was successful  	[MsgId: MMSG-26392]
Action.c(1979): web_add_auto_header("Origin") started  	[MsgId: MMSG-26355]
Action.c(1979): web_add_auto_header("Origin") was successful  	[MsgId: MMSG-26392]
Action.c(1982): web_add_auto_header("X-CSRF-TOKEN") started  	[MsgId: MMSG-26355]
Action.c(1982): web_add_auto_header("X-CSRF-TOKEN") was successful  	[MsgId: MMSG-26392]
Action.c(1985): web_concurrent_start started  	[MsgId: MMSG-26355]
Action.c(1985): web_concurrent_start was successful  	[MsgId: MMSG-26392]
Action.c(1986): web_submit_data("loadState_3") started  	[MsgId: MMSG-26355]
Action.c(1986): Registering web_submit_data("loadState_3") was successful  	[MsgId: MMSG-26390]
Action.c(1998): web_submit_data("saveState") started  	[MsgId: MMSG-26355]
Action.c(1998): Registering web_submit_data("saveState") was successful  	[MsgId: MMSG-26390]
Action.c(2028): web_submit_data("saveState_2") started  	[MsgId: MMSG-26355]
Action.c(2028): Registering web_submit_data("saveState_2") was successful  	[MsgId: MMSG-26390]
Action.c(2058): web_submit_data("2_4") started  	[MsgId: MMSG-26355]
Action.c(2058): Registering web_submit_data("2_4") was successful  	[MsgId: MMSG-26390]
Action.c(2538): web_concurrent_end started  	[MsgId: MMSG-26355]
Action.c(2538): web_concurrent_end was successful, 776 body bytes, 986 header bytes, 91 chunking overhead bytes  	[MsgId: MMSG-26385]
Action.c(2540): Notify: Transaction "UpdateCase3_04_IntakeQueueMyCases" ended with a "Pass" status (Duration: 4.8890 Wasted Time: 0.0913).
Action.c(2544): Notify: Transaction "UpdateCase3_05_IntakeQueueAllCases" started.
Action.c(2547): web_submit_data("2_5") started  	[MsgId: MMSG-26355]
Action.c(2547): web_submit_data("2_5") was successful, 59179 body bytes, 250 header bytes, 833 chunking overhead bytes  	[MsgId: MMSG-26385]
Action.c(3027): web_remove_auto_header("Origin") started  	[MsgId: MMSG-26355]
Action.c(3027): Previous automatically added web header for "Origin" removed  	[MsgId: MMSG-26587]
Action.c(3027): web_remove/revert_auto_header("Origin") was successful  	[MsgId: MMSG-26392]
Action.c(3029): web_remove_auto_header("X-CSRF-TOKEN") started  	[MsgId: MMSG-26355]
Action.c(3029): Previous automatically added web header for "X-CSRF-TOKEN" removed  	[MsgId: MMSG-26587]
Action.c(3029): web_remove/revert_auto_header("X-CSRF-TOKEN") was successful  	[MsgId: MMSG-26392]
Action.c(3031): web_url("casePrioritySelect.hbs") started  	[MsgId: MMSG-26355]
Action.c(3031): web_url("casePrioritySelect.hbs") was successful, 147 body bytes, 302 header bytes  	[MsgId: MMSG-26386]
Action.c(3040): web_url("viewAction.hbs") started  	[MsgId: MMSG-26355]
Action.c(3040): web_url("viewAction.hbs") was successful, 1016 body bytes, 295 header bytes  	[MsgId: MMSG-26386]
Action.c(3047): web_url("getActionViewList") started  	[MsgId: MMSG-26355]
Action.c(3047): web_url("getActionViewList") was successful, 1212 body bytes, 250 header bytes, 35 chunking overhead bytes  	[MsgId: MMSG-26385]
Action.c(3056): web_add_auto_header("Origin") started  	[MsgId: MMSG-26355]
Action.c(3056): web_add_auto_header("Origin") was successful  	[MsgId: MMSG-26392]
Action.c(3059): web_add_auto_header("X-CSRF-TOKEN") started  	[MsgId: MMSG-26355]
Action.c(3059): web_add_auto_header("X-CSRF-TOKEN") was successful  	[MsgId: MMSG-26392]
Action.c(3062): web_submit_data("saveState_3") started  	[MsgId: MMSG-26355]
Action.c(3062): web_submit_data("saveState_3") was successful, 41 body bytes, 243 header bytes, 21 chunking overhead bytes  	[MsgId: MMSG-26385]
Action.c(3092): Notify: Transaction "UpdateCase3_05_IntakeQueueAllCases" ended with a "Pass" status (Duration: 3.7457 Wasted Time: 0.0979).
Action.c(3096): Notify: Transaction "UpdateCase3_06_FilterIntakeCaseNum" started.
Action.c(3098): web_custom_request("saveState_4") started  	[MsgId: MMSG-26355]
Action.c(3098): web_custom_request("saveState_4") was successful, 41 body bytes, 243 header bytes, 21 chunking overhead bytes  	[MsgId: MMSG-26385]
Action.c(3116): web_reg_save_param_ex started  	[MsgId: MMSG-26355]
Action.c(3116): Registering web_reg_save_param_ex was successful  	[MsgId: MMSG-26390]
Action.c(3124): web_reg_find started  	[MsgId: MMSG-26355]
Action.c(3124): Registering web_reg_find was successful  	[MsgId: MMSG-26390]
Action.c(3128): web_submit_data("2_6") started  	[MsgId: MMSG-26355]
Action.c(3128): Registered web_reg_find successful for "Text=20200900166" (count=2)  	[MsgId: MMSG-26364]
Action.c(3128): web_submit_data("2_6") was successful, 5986 body bytes, 250 header bytes, 99 chunking overhead bytes  	[MsgId: MMSG-26385]
Action.c(3608): web_submit_data("saveState_5") started  	[MsgId: MMSG-26355]
Action.c(3608): web_submit_data("saveState_5") was successful, 41 body bytes, 243 header bytes, 21 chunking overhead bytes  	[MsgId: MMSG-26385]
Action.c(3638): Notify: Transaction "UpdateCase3_06_FilterIntakeCaseNum" ended with a "Pass" status (Duration: 2.2583 Wasted Time: 0.0343).
Action.c(3642): Notify: Transaction "UpdateCase3_07_EditCase" started.
Action.c(3644): web_remove_auto_header("Origin") started  	[MsgId: MMSG-26355]
Action.c(3644): Previous automatically added web header for "Origin" removed  	[MsgId: MMSG-26587]
Action.c(3644): web_remove/revert_auto_header("Origin") was successful  	[MsgId: MMSG-26392]
Action.c(3646): web_remove_auto_header("X-CSRF-TOKEN") started  	[MsgId: MMSG-26355]
Action.c(3646): Previous automatically added web header for "X-CSRF-TOKEN" removed  	[MsgId: MMSG-26587]
Action.c(3646): web_remove/revert_auto_header("X-CSRF-TOKEN") was successful  	[MsgId: MMSG-26392]
Action.c(3648): web_remove_auto_header("X-Requested-With") started  	[MsgId: MMSG-26355]
Action.c(3648): Warning -26590: web_remove/revert_auto_header for "X-Requested-With" had no effect  	[MsgId: MWAR-26590]
Action.c(3648): web_remove/revert_auto_header("X-Requested-With") highest severity level was "warning"  	[MsgId: MMSG-26391]
Action.c(3650): web_add_auto_header("Accept") started  	[MsgId: MMSG-26355]
Action.c(3650): web_add_auto_header("Accept") was successful  	[MsgId: MMSG-26392]
Action.c(3653): web_add_header("Upgrade-Insecure-Requests") started  	[MsgId: MMSG-26355]
Action.c(3653): web_add_header("Upgrade-Insecure-Requests") was successful  	[MsgId: MMSG-26392]
Action.c(3656): web_url("{Case_Id}") started  	[MsgId: MMSG-26355]
Action.c(3656): web_url("{Case_Id}") was successful, 165518 body bytes, 318 header bytes, 2299 chunking overhead bytes  	[MsgId: MMSG-26385]
Action.c(3665): web_concurrent_start started  	[MsgId: MMSG-26355]
Action.c(3665): web_concurrent_start was successful  	[MsgId: MMSG-26392]
Action.c(3667): web_url("case-entry-manifest-0691008e616302be087a77f0c4f6bc2a.css") started  	[MsgId: MMSG-26355]
Action.c(3667): Registering web_url("case-entry-manifest-0691008e616302be087a77f0c4f6bc2a.css") was successful  	[MsgId: MMSG-26390]
Action.c(3675): web_url("case-entry-manifest-1993c6b7489a8cb7471b67d10215f6f8.js") started  	[MsgId: MMSG-26355]
Action.c(3675): Registering web_url("case-entry-manifest-1993c6b7489a8cb7471b67d10215f6f8.js") was successful  	[MsgId: MMSG-26390]
Action.c(3683): web_url("attachmentViewer-manifest-d21cd5ef9afc9d23b8e3146c7832bb09.css") started  	[MsgId: MMSG-26355]
Action.c(3683): Registering web_url("attachmentViewer-manifest-d21cd5ef9afc9d23b8e3146c7832bb09.css") was successful  	[MsgId: MMSG-26390]
Action.c(3699): web_url("en-US.json_3") started  	[MsgId: MMSG-26355]
Action.c(3699): Registering web_url("en-US.json_3") was successful  	[MsgId: MMSG-26390]
Action.c(3708): web_url("predefinedSearch.json_3") started  	[MsgId: MMSG-26355]
Action.c(3708): Registering web_url("predefinedSearch.json_3") was successful  	[MsgId: MMSG-26390]
Action.c(3717): web_url("redactionReason.json_3") started  	[MsgId: MMSG-26355]
Action.c(3717): Registering web_url("redactionReason.json_3") was successful  	[MsgId: MMSG-26390]
Action.c(3726): web_url("commentTemplate.html_3") started  	[MsgId: MMSG-26355]
Action.c(3726): Registering web_url("commentTemplate.html_3") was successful  	[MsgId: MMSG-26390]
Action.c(3735): web_url("contextMenuTemplate.html_3") started  	[MsgId: MMSG-26355]
Action.c(3735): Registering web_url("contextMenuTemplate.html_3") was successful  	[MsgId: MMSG-26390]
Action.c(3744): web_url("copyOverlayTemplate.html_3") started  	[MsgId: MMSG-26355]
Action.c(3744): Registering web_url("copyOverlayTemplate.html_3") was successful  	[MsgId: MMSG-26390]
Action.c(3753): web_url("downloadOverlayTemplate.html_3") started  	[MsgId: MMSG-26355]
Action.c(3753): Registering web_url("downloadOverlayTemplate.html_3") was successful  	[MsgId: MMSG-26390]
Action.c(3762): web_url("esignOverlayTemplate.html_3") started  	[MsgId: MMSG-26355]
Action.c(3762): Registering web_url("esignOverlayTemplate.html_3") was successful  	[MsgId: MMSG-26390]
Action.c(3771): web_url("imageStampOverlayTemplate.html_3") started  	[MsgId: MMSG-26355]
Action.c(3771): Registering web_url("imageStampOverlayTemplate.html_3") was successful  	[MsgId: MMSG-26390]
Action.c(3780): web_url("hyperlinkMenuTemplate.html_3") started  	[MsgId: MMSG-26355]
Action.c(3780): Registering web_url("hyperlinkMenuTemplate.html_3") was successful  	[MsgId: MMSG-26390]
Action.c(3789): web_url("overwriteOverlayTemplate.html_3") started  	[MsgId: MMSG-26355]
Action.c(3789): Registering web_url("overwriteOverlayTemplate.html_3") was successful  	[MsgId: MMSG-26390]
Action.c(3798): web_url("printOverlayTemplate.html_3") started  	[MsgId: MMSG-26355]
Action.c(3798): Registering web_url("printOverlayTemplate.html_3") was successful  	[MsgId: MMSG-26390]
Action.c(3807): web_url("pageRedactionOverlayTemplate.html_3") started  	[MsgId: MMSG-26355]
Action.c(3807): Registering web_url("pageRedactionOverlayTemplate.html_3") was successful  	[MsgId: MMSG-26390]
Action.c(3816): web_url("printTemplate.html_3") started  	[MsgId: MMSG-26355]
Action.c(3816): Registering web_url("printTemplate.html_3") was successful  	[MsgId: MMSG-26390]
Action.c(3825): web_url("redactionReasonTemplate.html_3") started  	[MsgId: MMSG-26355]
Action.c(3825): Registering web_url("redactionReasonTemplate.html_3") was successful  	[MsgId: MMSG-26390]
Action.c(3834): web_url("unsavedChangesOverlayTemplate.html_3") started  	[MsgId: MMSG-26355]
Action.c(3834): Registering web_url("unsavedChangesOverlayTemplate.html_3") was successful  	[MsgId: MMSG-26390]
Action.c(3843): web_url("viewerTemplate.html_3") started  	[MsgId: MMSG-26355]
Action.c(3843): Registering web_url("viewerTemplate.html_3") was successful  	[MsgId: MMSG-26390]
Action.c(3852): web_url("fetchReferenceData") started  	[MsgId: MMSG-26355]
Action.c(3852): Registering web_url("fetchReferenceData") was successful  	[MsgId: MMSG-26390]
Action.c(3863): web_url("product_template.hbs") started  	[MsgId: MMSG-26355]
Action.c(3863): Registering web_url("product_template.hbs") was successful  	[MsgId: MMSG-26390]
Action.c(3870): web_url("product_browser.hbs") started  	[MsgId: MMSG-26355]
Action.c(3870): Registering web_url("product_browser.hbs") was successful  	[MsgId: MMSG-26390]
Action.c(3877): web_url("meddra_template.hbs") started  	[MsgId: MMSG-26355]
Action.c(3877): Registering web_url("meddra_template.hbs") was successful  	[MsgId: MMSG-26390]
Action.c(3884): web_url("meddra_browser.hbs") started  	[MsgId: MMSG-26355]
Action.c(3884): Registering web_url("meddra_browser.hbs") was successful  	[MsgId: MMSG-26390]
Action.c(3891): web_url("study_template.hbs") started  	[MsgId: MMSG-26355]
Action.c(3891): Registering web_url("study_template.hbs") was successful  	[MsgId: MMSG-26390]
Action.c(3898): web_url("study_browser.hbs") started  	[MsgId: MMSG-26355]
Action.c(3898): Registering web_url("study_browser.hbs") was successful  	[MsgId: MMSG-26390]
Action.c(3910): web_url("loadServerTime_3") started  	[MsgId: MMSG-26355]
Action.c(3910): Registering web_url("loadServerTime_3") was successful  	[MsgId: MMSG-26390]
Action.c(3919): web_url("getIngredients") started  	[MsgId: MMSG-26355]
Action.c(3919): Registering web_url("getIngredients") was successful  	[MsgId: MMSG-26390]
Action.c(3931): web_url("fetchAllUser") started  	[MsgId: MMSG-26355]
Action.c(3931): Registering web_url("fetchAllUser") was successful  	[MsgId: MMSG-26390]
Action.c(3940): web_url("referenceData_2") started  	[MsgId: MMSG-26355]
Action.c(3940): Registering web_url("referenceData_2") was successful  	[MsgId: MMSG-26390]
Action.c(3949): web_url("referenceData_3") started  	[MsgId: MMSG-26355]
Action.c(3949): Registering web_url("referenceData_3") was successful  	[MsgId: MMSG-26390]
Action.c(3958): web_concurrent_end started  	[MsgId: MMSG-26355]
Action.c(3958): web_concurrent_end was successful, 1220071 body bytes, 10377 header bytes, 464 chunking overhead bytes  	[MsgId: MMSG-26385]
Action.c(3960): web_add_auto_header("Accept") started  	[MsgId: MMSG-26355]
Action.c(3960): web_add_auto_header("Accept") was successful  	[MsgId: MMSG-26392]
Action.c(3963): web_add_auto_header("Origin") started  	[MsgId: MMSG-26355]
Action.c(3963): web_add_auto_header("Origin") was successful  	[MsgId: MMSG-26392]
Action.c(3966): web_add_auto_header("X-CSRF-TOKEN") started  	[MsgId: MMSG-26355]
Action.c(3966): web_add_auto_header("X-CSRF-TOKEN") was successful  	[MsgId: MMSG-26392]
Action.c(3970): web_concurrent_start started  	[MsgId: MMSG-26355]
Action.c(3970): web_concurrent_start was successful  	[MsgId: MMSG-26392]
Action.c(3972): web_custom_request("taskListForCase") started  	[MsgId: MMSG-26355]
Action.c(3972): Registering web_custom_request("taskListForCase") was successful  	[MsgId: MMSG-26390]
Action.c(3987): web_custom_request("fuqListForCase") started  	[MsgId: MMSG-26355]
Action.c(3987): Registering web_custom_request("fuqListForCase") was successful  	[MsgId: MMSG-26390]
Action.c(4009): web_url("getKaseMedDraHierarchyStored") started  	[MsgId: MMSG-26355]
Action.c(4009): Registering web_url("getKaseMedDraHierarchyStored") was successful  	[MsgId: MMSG-26390]
Action.c(4018): web_url("getActionViewList_2") started  	[MsgId: MMSG-26355]
Action.c(4018): Registering web_url("getActionViewList_2") was successful  	[MsgId: MMSG-26390]
Action.c(4027): web_url("fetchAllTemplates") started  	[MsgId: MMSG-26355]
Action.c(4027): Registering web_url("fetchAllTemplates") was successful  	[MsgId: MMSG-26390]
Action.c(4036): web_concurrent_end started  	[MsgId: MMSG-26355]
Action.c(4036): web_concurrent_end was successful, 27560 body bytes, 1236 header bytes, 465 chunking overhead bytes  	[MsgId: MMSG-26385]
Action.c(4038): Notify: Transaction "UpdateCase3_07_EditCase" ended with a "Pass" status (Duration: 325.3805 Wasted Time: 2.3332).
Action.c(4042): Notify: Transaction "UpdateCase3_08_UpdateNarrativesFieldAndSaveCase" started.
Action.c(4044): web_add_header("Origin") started  	[MsgId: MMSG-26355]
Action.c(4044): web_add_header("Origin") was successful  	[MsgId: MMSG-26392]
Action.c(4047): web_add_header("X-CSRF-TOKEN") started  	[MsgId: MMSG-26355]
Action.c(4047): web_add_header("X-CSRF-TOKEN") was successful  	[MsgId: MMSG-26392]
Action.c(4050): web_reg_find started  	[MsgId: MMSG-26355]
Action.c(4050): Registering web_reg_find was successful  	[MsgId: MMSG-26390]
Action.c(4054): web_custom_request("update") started  	[MsgId: MMSG-26355]
Action.c(4054): Registered web_reg_find successful for "Text=updated successfully" (count=1)  	[MsgId: MMSG-26364]
Action.c(4054): web_custom_request("update") was successful, 12943 body bytes, 243 header bytes, 196 chunking overhead bytes  	[MsgId: MMSG-26385]
Action.c(4066): Notify: Transaction "UpdateCase3_08_UpdateNarrativesFieldAndSaveCase" ended with a "Pass" status (Duration: 19.8676 Wasted Time: 0.0957).
Action.c(4070): Notify: Transaction "UpdateCase3_09_Back" started.
Action.c(4072): web_add_auto_header("Accept") started  	[MsgId: MMSG-26355]
Action.c(4072): web_add_auto_header("Accept") was successful  	[MsgId: MMSG-26392]
Action.c(4075): web_concurrent_start started  	[MsgId: MMSG-26355]
Action.c(4075): web_concurrent_start was successful  	[MsgId: MMSG-26392]
Action.c(4077): web_url("loadServerTime_4") started  	[MsgId: MMSG-26355]
Action.c(4077): Registering web_url("loadServerTime_4") was successful  	[MsgId: MMSG-26390]
Action.c(4089): web_url("personalStats_2") started  	[MsgId: MMSG-26355]
Action.c(4089): Registering web_url("personalStats_2") was successful  	[MsgId: MMSG-26390]
Action.c(4098): web_url("en-US.json_4") started  	[MsgId: MMSG-26355]
Action.c(4098): Registering web_url("en-US.json_4") was successful  	[MsgId: MMSG-26390]
Action.c(4107): web_url("2_7") started  	[MsgId: MMSG-26355]
Action.c(4107): Registering web_url("2_7") was successful  	[MsgId: MMSG-26390]
Action.c(4116): web_url("1_3") started  	[MsgId: MMSG-26355]
Action.c(4116): Registering web_url("1_3") was successful  	[MsgId: MMSG-26390]
Action.c(4125): web_url("predefinedSearch.json_4") started  	[MsgId: MMSG-26355]
Action.c(4125): Registering web_url("predefinedSearch.json_4") was successful  	[MsgId: MMSG-26390]
Action.c(4134): web_url("redactionReason.json_4") started  	[MsgId: MMSG-26355]
Action.c(4134): Registering web_url("redactionReason.json_4") was successful  	[MsgId: MMSG-26390]
Action.c(4143): web_url("contextMenuTemplate.html_4") started  	[MsgId: MMSG-26355]
Action.c(4143): Registering web_url("contextMenuTemplate.html_4") was successful  	[MsgId: MMSG-26390]
Action.c(4152): web_url("copyOverlayTemplate.html_4") started  	[MsgId: MMSG-26355]
Action.c(4152): Registering web_url("copyOverlayTemplate.html_4") was successful  	[MsgId: MMSG-26390]
Action.c(4161): web_url("downloadOverlayTemplate.html_4") started  	[MsgId: MMSG-26355]
Action.c(4161): Registering web_url("downloadOverlayTemplate.html_4") was successful  	[MsgId: MMSG-26390]
Action.c(4170): web_url("commentTemplate.html_4") started  	[MsgId: MMSG-26355]
Action.c(4170): Registering web_url("commentTemplate.html_4") was successful  	[MsgId: MMSG-26390]
Action.c(4179): web_url("esignOverlayTemplate.html_4") started  	[MsgId: MMSG-26355]
Action.c(4179): Registering web_url("esignOverlayTemplate.html_4") was successful  	[MsgId: MMSG-26390]
Action.c(4188): web_url("hyperlinkMenuTemplate.html_4") started  	[MsgId: MMSG-26355]
Action.c(4188): Registering web_url("hyperlinkMenuTemplate.html_4") was successful  	[MsgId: MMSG-26390]
Action.c(4197): web_url("overwriteOverlayTemplate.html_4") started  	[MsgId: MMSG-26355]
Action.c(4197): Registering web_url("overwriteOverlayTemplate.html_4") was successful  	[MsgId: MMSG-26390]
Action.c(4206): web_url("imageStampOverlayTemplate.html_4") started  	[MsgId: MMSG-26355]
Action.c(4206): Registering web_url("imageStampOverlayTemplate.html_4") was successful  	[MsgId: MMSG-26390]
Action.c(4215): web_url("pageRedactionOverlayTemplate.html_4") started  	[MsgId: MMSG-26355]
Action.c(4215): Registering web_url("pageRedactionOverlayTemplate.html_4") was successful  	[MsgId: MMSG-26390]
Action.c(4224): web_url("printOverlayTemplate.html_4") started  	[MsgId: MMSG-26355]
Action.c(4224): Registering web_url("printOverlayTemplate.html_4") was successful  	[MsgId: MMSG-26390]
Action.c(4233): web_url("printTemplate.html_4") started  	[MsgId: MMSG-26355]
Action.c(4233): Registering web_url("printTemplate.html_4") was successful  	[MsgId: MMSG-26390]
Action.c(4242): web_url("redactionReasonTemplate.html_4") started  	[MsgId: MMSG-26355]
Action.c(4242): Registering web_url("redactionReasonTemplate.html_4") was successful  	[MsgId: MMSG-26390]
Action.c(4251): web_url("unsavedChangesOverlayTemplate.html_4") started  	[MsgId: MMSG-26355]
Action.c(4251): Registering web_url("unsavedChangesOverlayTemplate.html_4") was successful  	[MsgId: MMSG-26390]
Action.c(4260): web_url("viewerTemplate.html_4") started  	[MsgId: MMSG-26355]
Action.c(4260): Registering web_url("viewerTemplate.html_4") was successful  	[MsgId: MMSG-26390]
Action.c(4269): web_concurrent_end started  	[MsgId: MMSG-26355]
Action.c(4269): web_concurrent_end was successful, 25542 body bytes, 7018 header bytes, 126 chunking overhead bytes  	[MsgId: MMSG-26385]
Action.c(4270): web_add_auto_header("Accept") started  	[MsgId: MMSG-26355]
Action.c(4270): web_add_auto_header("Accept") was successful  	[MsgId: MMSG-26392]
Action.c(4273): web_add_auto_header("Origin") started  	[MsgId: MMSG-26355]
Action.c(4273): web_add_auto_header("Origin") was successful  	[MsgId: MMSG-26392]
Action.c(4276): web_add_auto_header("X-CSRF-TOKEN") started  	[MsgId: MMSG-26355]
Action.c(4276): web_add_auto_header("X-CSRF-TOKEN") was successful  	[MsgId: MMSG-26392]
Action.c(4279): web_concurrent_start started  	[MsgId: MMSG-26355]
Action.c(4279): web_concurrent_start was successful  	[MsgId: MMSG-26392]
Action.c(4281): web_submit_data("updateWidget_3") started  	[MsgId: MMSG-26355]
Action.c(4281): Registering web_submit_data("updateWidget_3") was successful  	[MsgId: MMSG-26390]
Action.c(4296): web_submit_data("loadState_4") started  	[MsgId: MMSG-26355]
Action.c(4296): Registering web_submit_data("loadState_4") was successful  	[MsgId: MMSG-26390]
Action.c(4311): web_submit_data("updateWidget_4") started  	[MsgId: MMSG-26355]
Action.c(4311): Registering web_submit_data("updateWidget_4") was successful  	[MsgId: MMSG-26390]
Action.c(4326): web_submit_data("2_8") started  	[MsgId: MMSG-26355]
Action.c(4326): Registering web_submit_data("2_8") was successful  	[MsgId: MMSG-26390]
Action.c(4806): web_submit_data("1_4") started  	[MsgId: MMSG-26355]
Action.c(4806): Registering web_submit_data("1_4") was successful  	[MsgId: MMSG-26390]
Action.c(5290): web_url("getActionViewList_3") started  	[MsgId: MMSG-26355]
Action.c(5290): Registering web_url("getActionViewList_3") was successful  	[MsgId: MMSG-26390]
Action.c(5299): web_concurrent_end started  	[MsgId: MMSG-26355]
Action.c(5299): web_concurrent_end was successful, 7465 body bytes, 1500 header bytes, 218 chunking overhead bytes  	[MsgId: MMSG-26385]
Action.c(5301): Notify: Transaction "UpdateCase3_09_Back" ended with a "Pass" status (Duration: 4.2645 Wasted Time: 0.0576).
Action.c(5305): Notify: Transaction "UpdateCase3_10_IntakeQueue" started.
Action.c(5307): web_remove_auto_header("X-Requested-With") started  	[MsgId: MMSG-26355]
Action.c(5307): Warning -26590: web_remove/revert_auto_header for "X-Requested-With" had no effect  	[MsgId: MWAR-26590]
Action.c(5307): web_remove/revert_auto_header("X-Requested-With") highest severity level was "warning"  	[MsgId: MMSG-26391]
Action.c(5309): web_add_auto_header("Accept") started  	[MsgId: MMSG-26355]
Action.c(5309): web_add_auto_header("Accept") was successful  	[MsgId: MMSG-26392]
Action.c(5312): web_add_header("Upgrade-Insecure-Requests") started  	[MsgId: MMSG-26355]
Action.c(5312): web_add_header("Upgrade-Insecure-Requests") was successful  	[MsgId: MMSG-26392]
Action.c(5315): web_reg_find started  	[MsgId: MMSG-26355]
Action.c(5315): Registering web_reg_find was successful  	[MsgId: MMSG-26390]
Action.c(5319): web_url("queue_2") started  	[MsgId: MMSG-26355]
Action.c(5319): Registered web_reg_find successful for "Text=Intake Queue" (count=4)  	[MsgId: MMSG-26364]
Action.c(5319): web_url("queue_2") was successful, 17276 body bytes, 265 header bytes, 253 chunking overhead bytes  	[MsgId: MMSG-26385]
Action.c(5328): web_add_auto_header("Accept") started  	[MsgId: MMSG-26355]
Action.c(5328): web_add_auto_header("Accept") was successful  	[MsgId: MMSG-26392]
Action.c(5331): web_add_auto_header("X-Requested-With") started  	[MsgId: MMSG-26355]
Action.c(5331): web_add_auto_header("X-Requested-With") was successful  	[MsgId: MMSG-26392]
Action.c(5335): web_concurrent_start started  	[MsgId: MMSG-26355]
Action.c(5335): web_concurrent_start was successful  	[MsgId: MMSG-26392]
Action.c(5337): web_url("en-US.json_5") started  	[MsgId: MMSG-26355]
Action.c(5337): Registering web_url("en-US.json_5") was successful  	[MsgId: MMSG-26390]
Action.c(5346): web_url("redactionReason.json_5") started  	[MsgId: MMSG-26355]
Action.c(5346): Registering web_url("redactionReason.json_5") was successful  	[MsgId: MMSG-26390]
Action.c(5355): web_url("predefinedSearch.json_5") started  	[MsgId: MMSG-26355]
Action.c(5355): Registering web_url("predefinedSearch.json_5") was successful  	[MsgId: MMSG-26390]
Action.c(5364): web_url("commentTemplate.html_5") started  	[MsgId: MMSG-26355]
Action.c(5364): Registering web_url("commentTemplate.html_5") was successful  	[MsgId: MMSG-26390]
Action.c(5373): web_url("contextMenuTemplate.html_5") started  	[MsgId: MMSG-26355]
Action.c(5373): Registering web_url("contextMenuTemplate.html_5") was successful  	[MsgId: MMSG-26390]
Action.c(5382): web_url("downloadOverlayTemplate.html_5") started  	[MsgId: MMSG-26355]
Action.c(5382): Registering web_url("downloadOverlayTemplate.html_5") was successful  	[MsgId: MMSG-26390]
Action.c(5391): web_url("copyOverlayTemplate.html_5") started  	[MsgId: MMSG-26355]
Action.c(5391): Registering web_url("copyOverlayTemplate.html_5") was successful  	[MsgId: MMSG-26390]
Action.c(5400): web_url("esignOverlayTemplate.html_5") started  	[MsgId: MMSG-26355]
Action.c(5400): Registering web_url("esignOverlayTemplate.html_5") was successful  	[MsgId: MMSG-26390]
Action.c(5409): web_url("hyperlinkMenuTemplate.html_5") started  	[MsgId: MMSG-26355]
Action.c(5409): Registering web_url("hyperlinkMenuTemplate.html_5") was successful  	[MsgId: MMSG-26390]
Action.c(5418): web_url("overwriteOverlayTemplate.html_5") started  	[MsgId: MMSG-26355]
Action.c(5418): Registering web_url("overwriteOverlayTemplate.html_5") was successful  	[MsgId: MMSG-26390]
Action.c(5427): web_url("imageStampOverlayTemplate.html_5") started  	[MsgId: MMSG-26355]
Action.c(5427): Registering web_url("imageStampOverlayTemplate.html_5") was successful  	[MsgId: MMSG-26390]
Action.c(5436): web_url("pageRedactionOverlayTemplate.html_5") started  	[MsgId: MMSG-26355]
Action.c(5436): Registering web_url("pageRedactionOverlayTemplate.html_5") was successful  	[MsgId: MMSG-26390]
Action.c(5445): web_url("printOverlayTemplate.html_5") started  	[MsgId: MMSG-26355]
Action.c(5445): Registering web_url("printOverlayTemplate.html_5") was successful  	[MsgId: MMSG-26390]
Action.c(5454): web_url("printTemplate.html_5") started  	[MsgId: MMSG-26355]
Action.c(5454): Registering web_url("printTemplate.html_5") was successful  	[MsgId: MMSG-26390]
Action.c(5463): web_url("redactionReasonTemplate.html_5") started  	[MsgId: MMSG-26355]
Action.c(5463): Registering web_url("redactionReasonTemplate.html_5") was successful  	[MsgId: MMSG-26390]
Action.c(5472): web_url("unsavedChangesOverlayTemplate.html_5") started  	[MsgId: MMSG-26355]
Action.c(5472): Registering web_url("unsavedChangesOverlayTemplate.html_5") was successful  	[MsgId: MMSG-26390]
Action.c(5481): web_url("viewerTemplate.html_5") started  	[MsgId: MMSG-26355]
Action.c(5481): Registering web_url("viewerTemplate.html_5") was successful  	[MsgId: MMSG-26390]
Action.c(5490): web_url("2_9") started  	[MsgId: MMSG-26355]
Action.c(5490): Registering web_url("2_9") was successful  	[MsgId: MMSG-26390]
Action.c(5502): web_url("loadServerTime_5") started  	[MsgId: MMSG-26355]
Action.c(5502): Registering web_url("loadServerTime_5") was successful  	[MsgId: MMSG-26390]
Action.c(5511): web_concurrent_end started  	[MsgId: MMSG-26355]
Action.c(5511): web_concurrent_end was successful, 23646 body bytes, 6518 header bytes, 63 chunking overhead bytes  	[MsgId: MMSG-26385]
Action.c(5513): web_add_auto_header("Accept") started  	[MsgId: MMSG-26355]
Action.c(5513): web_add_auto_header("Accept") was successful  	[MsgId: MMSG-26392]
Action.c(5516): web_add_auto_header("Origin") started  	[MsgId: MMSG-26355]
Action.c(5516): web_add_auto_header("Origin") was successful  	[MsgId: MMSG-26392]
Action.c(5519): web_add_auto_header("X-CSRF-TOKEN") started  	[MsgId: MMSG-26355]
Action.c(5519): web_add_auto_header("X-CSRF-TOKEN") was successful  	[MsgId: MMSG-26392]
Action.c(5522): web_concurrent_start started  	[MsgId: MMSG-26355]
Action.c(5522): web_concurrent_start was successful  	[MsgId: MMSG-26392]
Action.c(5524): web_submit_data("saveState_6") started  	[MsgId: MMSG-26355]
Action.c(5524): Registering web_submit_data("saveState_6") was successful  	[MsgId: MMSG-26390]
Action.c(5554): web_submit_data("saveState_7") started  	[MsgId: MMSG-26355]
Action.c(5554): Registering web_submit_data("saveState_7") was successful  	[MsgId: MMSG-26390]
Action.c(5584): web_submit_data("2_10") started  	[MsgId: MMSG-26355]
Action.c(5584): Registering web_submit_data("2_10") was successful  	[MsgId: MMSG-26390]
Action.c(6068): web_url("getActionViewList_4") started  	[MsgId: MMSG-26355]
Action.c(6068): Registering web_url("getActionViewList_4") was successful  	[MsgId: MMSG-26390]
Action.c(6077): web_concurrent_end started  	[MsgId: MMSG-26355]
Action.c(6077): web_concurrent_end was successful, 7280 body bytes, 986 header bytes, 176 chunking overhead bytes  	[MsgId: MMSG-26385]
Action.c(6078): Notify: Transaction "UpdateCase3_10_IntakeQueue" ended with a "Pass" status (Duration: 4.1770 Wasted Time: 0.0685).
Action.c(6082): Notify: Transaction "UpdateCase3_11_ClearFilter" started.
Action.c(6084): web_add_auto_header("Origin") started  	[MsgId: MMSG-26355]
Action.c(6084): web_add_auto_header("Origin") was successful  	[MsgId: MMSG-26392]
Action.c(6087): web_add_auto_header("X-CSRF-TOKEN") started  	[MsgId: MMSG-26355]
Action.c(6087): web_add_auto_header("X-CSRF-TOKEN") was successful  	[MsgId: MMSG-26392]
Action.c(6090): web_custom_request("saveState_8") started  	[MsgId: MMSG-26355]
Action.c(6090): web_custom_request("saveState_8") was successful, 41 body bytes, 243 header bytes, 21 chunking overhead bytes  	[MsgId: MMSG-26385]
Action.c(6104): web_submit_data("2_11") started  	[MsgId: MMSG-26355]
Action.c(6104): web_submit_data("2_11") was successful, 59179 body bytes, 250 header bytes, 833 chunking overhead bytes  	[MsgId: MMSG-26385]
Action.c(6584): web_submit_data("saveState_9") started  	[MsgId: MMSG-26355]
Action.c(6584): web_submit_data("saveState_9") was successful, 41 body bytes, 243 header bytes, 21 chunking overhead bytes  	[MsgId: MMSG-26385]
Action.c(6614): Notify: Transaction "UpdateCase3_11_ClearFilter" ended with a "Pass" status (Duration: 3.4015 Wasted Time: 0.0577).
Action.c(6618): Notify: Transaction "UpdateCase3_12_IntakeQueueMyCases" started.
Action.c(6620): web_submit_data("2_12") started  	[MsgId: MMSG-26355]
Action.c(6620): web_submit_data("2_12") was successful, 85 body bytes, 250 header bytes, 21 chunking overhead bytes  	[MsgId: MMSG-26385]
Action.c(7100): web_submit_data("saveState_10") started  	[MsgId: MMSG-26355]
Action.c(7100): web_submit_data("saveState_10") was successful, 41 body bytes, 243 header bytes, 21 chunking overhead bytes  	[MsgId: MMSG-26385]
Action.c(7130): Notify: Transaction "UpdateCase3_12_IntakeQueueMyCases" ended with a "Pass" status (Duration: 1.5178 Wasted Time: 0.0132).
Action.c(7134): Notify: Transaction "UpdateCase3_13_NavigateToPVAdmin" started.
Action.c(7136): web_remove_auto_header("Origin") started  	[MsgId: MMSG-26355]
Action.c(7136): Previous automatically added web header for "Origin" removed  	[MsgId: MMSG-26587]
Action.c(7136): web_remove/revert_auto_header("Origin") was successful  	[MsgId: MMSG-26392]
Action.c(7138): web_remove_auto_header("X-CSRF-TOKEN") started  	[MsgId: MMSG-26355]
Action.c(7138): Previous automatically added web header for "X-CSRF-TOKEN" removed  	[MsgId: MMSG-26587]
Action.c(7138): web_remove/revert_auto_header("X-CSRF-TOKEN") was successful  	[MsgId: MMSG-26392]
Action.c(7140): web_remove_auto_header("X-Requested-With") started  	[MsgId: MMSG-26355]
Action.c(7140): Previous automatically added web header for "X-Requested-With" removed  	[MsgId: MMSG-26587]
Action.c(7140): web_remove/revert_auto_header("X-Requested-With") was successful  	[MsgId: MMSG-26392]
Action.c(7142): web_add_auto_header("Accept") started  	[MsgId: MMSG-26355]
Action.c(7142): web_add_auto_header("Accept") was successful  	[MsgId: MMSG-26392]
Action.c(7145): web_add_auto_header("Upgrade-Insecure-Requests") started  	[MsgId: MMSG-26355]
Action.c(7145): web_add_auto_header("Upgrade-Insecure-Requests") was successful  	[MsgId: MMSG-26392]
Action.c(7148): web_reg_find started  	[MsgId: MMSG-26355]
Action.c(7148): Registering web_reg_find was successful  	[MsgId: MMSG-26390]
Action.c(7152): web_url("10.100.22.34:8083") started  	[MsgId: MMSG-26355]
Action.c(7152): Registered web_reg_find successful for "Text=Welcome to PV Admin" (count=3)  	[MsgId: MMSG-26364]
Action.c(7152): web_url("10.100.22.34:8083") was successful, 3269 body bytes, 265 header bytes, 63 chunking overhead bytes  	[MsgId: MMSG-26385]
Action.c(7161): web_add_header("X-Requested-With") started  	[MsgId: MMSG-26355]
Action.c(7161): web_add_header("X-Requested-With") was successful  	[MsgId: MMSG-26392]
Action.c(7164): web_add_header("If-None-Match") started  	[MsgId: MMSG-26355]
Action.c(7164): Warning -26594: The header being added may cause unpredictable results if applied to ALL the URLs generated on behalf of the next script function. It will apply to the primary URL only.  	[MsgId: MWAR-26594]
Action.c(7164): web_add_header("If-None-Match") highest severity level was "warning"  	[MsgId: MMSG-26391]
Action.c(7167): web_url("en.json_2") started  	[MsgId: MMSG-26355]
Action.c(7167): web_url("en.json_2") was successful, 0 body bytes, 123 header bytes  	[MsgId: MMSG-26386]
Action.c(7174): Notify: Transaction "UpdateCase3_13_NavigateToPVAdmin" ended with a "Pass" status (Duration: 1.4796 Wasted Time: 0.0268).
Action.c(7178): Notify: Transaction "UpdateCase3_14_LogOut" started.
Action.c(7180): web_reg_find started  	[MsgId: MMSG-26355]
Action.c(7180): Registering web_reg_find was successful  	[MsgId: MMSG-26390]
Action.c(7184): web_url("Logout") started  	[MsgId: MMSG-26355]
Action.c(7184): Redirecting "http://10.100.22.34:8083/logout" (redirection depth is 0)  	[MsgId: MMSG-26694]
Action.c(7184): To location "http://10.100.22.34:8083/logoff"  	[MsgId: MMSG-26693]
Action.c(7184): Redirecting "http://10.100.22.34:8083/logoff" (redirection depth is 1)  	[MsgId: MMSG-26694]
Action.c(7184): To location "http://10.100.22.34:8083/external"  	[MsgId: MMSG-26693]
Action.c(7184): Registered web_reg_find successful for "Text=Login" (count=1)  	[MsgId: MMSG-26364]
Action.c(7184): web_url("Logout") was successful, 1178 body bytes, 748 header bytes, 35 chunking overhead bytes  	[MsgId: MMSG-26385]
Action.c(7193): Notify: Transaction "UpdateCase3_14_LogOut" ended with a "Pass" status (Duration: 1.7575 Wasted Time: 0.0088).
Ending action Action.
Ending iteration 1.
Ending Vuser...
Starting action vuser_end.
Ending action vuser_end.
Vuser Terminated.
