Virtual User Script started at: 28-08-2020 10:52:56
Starting action vuser_init.
Web Turbo Replay of LoadRunner 2020.0.0 for Windows 10; build 793 (Nov 27 2019 19:51:20)  	[MsgId: MMSG-26983]
Run mode: HTML  	[MsgId: MMSG-26993]
Replay user agent: Mozilla/5.0 (Windows NT 10.0; Win64; x64) AppleWebKit/537.36 (KHTML, like Gecko) Chrome/84.0.4147.135 Safari/537.36  	[MsgId: MMSG-26988]
Runtime Settings file: "C:\Project\PVI\Scripts\ViewCase_FCE2\\default.cfg"  	[MsgId: MMSG-27141]
Ending action vuser_init.
Running Vuser...
Starting iteration 1.
Starting action Action.
Action.c(4): web_set_sockets_option started  	[MsgId: MMSG-26355]
Action.c(4): web_set_sockets_option was successful  	[MsgId: MMSG-26392]
Action.c(6): web_set_sockets_option started  	[MsgId: MMSG-26355]
Action.c(6): web_set_sockets_option was successful  	[MsgId: MMSG-26392]
Action.c(8): web_cleanup_auto_headers started  	[MsgId: MMSG-26355]
Action.c(8): web_cleanup_auto_headers was successful  	[MsgId: MMSG-26392]
Action.c(9): web_set_max_html_param_len started  	[MsgId: MMSG-26355]
Action.c(9): web_set_max_html_param_len was successful  	[MsgId: MMSG-26392]
Action.c(11): Notify: Transaction "ViewCaseFCE_01_OpenApplication" started.
Action.c(14): web_reg_find started  	[MsgId: MMSG-26355]
Action.c(14): Registering web_reg_find was successful  	[MsgId: MMSG-26390]
Action.c(18): web_concurrent_start started  	[MsgId: MMSG-26355]
Action.c(18): Warning -27123: Pending web_reg_save_param/web_reg_find/web_create_html_param/web_create_html_param_ex request(s) before web_concurrent_start apply to the first Action function within the group, not to the entire group  	[MsgId: MWAR-27123]
Action.c(18): web_concurrent_start highest severity level was "warning"  	[MsgId: MMSG-26391]
Action.c(19): web_url("external") started  	[MsgId: MMSG-26355]
Action.c(19): Registering web_url("external") was successful  	[MsgId: MMSG-26390]
Action.c(31): web_url("bootstrap.min-79b5346433d3bdf736aab2379a008083.js") started  	[MsgId: MMSG-26355]
Action.c(31): Registering web_url("bootstrap.min-79b5346433d3bdf736aab2379a008083.js") was successful  	[MsgId: MMSG-26390]
Action.c(39): web_url("notify.min-a1134657dba6e98914066f2530604e68.js") started  	[MsgId: MMSG-26355]
Action.c(39): Registering web_url("notify.min-a1134657dba6e98914066f2530604e68.js") was successful  	[MsgId: MMSG-26390]
Action.c(79): web_url("jquery.core-2521768e514d3a431ddca828a1bebd3c.js") started  	[MsgId: MMSG-26355]
Action.c(79): Registering web_url("jquery.core-2521768e514d3a431ddca828a1bebd3c.js") was successful  	[MsgId: MMSG-26390]
Action.c(87): web_url("notify-metro-3463085bfd0a7cac9f983d075b271bca.js") started  	[MsgId: MMSG-26355]
Action.c(87): Registering web_url("notify-metro-3463085bfd0a7cac9f983d075b271bca.js") was successful  	[MsgId: MMSG-26390]
Action.c(98): web_url("bootstrap-c5ae98cdc147f655f96564c4340000c4.css") started  	[MsgId: MMSG-26355]
Action.c(98): Registering web_url("bootstrap-c5ae98cdc147f655f96564c4340000c4.css") was successful  	[MsgId: MMSG-26390]
Action.c(128): web_url("login-17e4cb116ee46711bb739b7018d00771.css") started  	[MsgId: MMSG-26355]
Action.c(128): Registering web_url("login-17e4cb116ee46711bb739b7018d00771.css") was successful  	[MsgId: MMSG-26390]
Action.c(139): web_url("jquery-fdb24ba38c94d04e948de967076c64aa.js") started  	[MsgId: MMSG-26355]
Action.c(139): Registering web_url("jquery-fdb24ba38c94d04e948de967076c64aa.js") was successful  	[MsgId: MMSG-26390]
Action.c(147): web_concurrent_end started  	[MsgId: MMSG-26355]
Action.c(147): Registered web_reg_find successful for "Text=Login" (count=1)  	[MsgId: MMSG-26364]
Action.c(147): web_concurrent_end was successful, 104870 body bytes, 2969 header bytes, 35 chunking overhead bytes  	[MsgId: MMSG-26385]
Action.c(151): Notify: Transaction "ViewCaseFCE_01_OpenApplication" ended with a "Pass" status (Duration: 4.8121 Wasted Time: 0.1656).
Action.c(153): lr_think_time: 3.00 seconds.
Action.c(155): Notify: Transaction "ViewCaseFCE_02_Login" started.
Action.c(159): web_reg_save_param_regexp started  	[MsgId: MMSG-26355]
Action.c(159): Registering web_reg_save_param_regexp was successful  	[MsgId: MMSG-26390]
Action.c(168): web_reg_find started  	[MsgId: MMSG-26355]
Action.c(168): Registering web_reg_find was successful  	[MsgId: MMSG-26390]
Action.c(173): web_add_header("Sec-Fetch-Dest") started  	[MsgId: MMSG-26355]
Action.c(173): web_add_header("Sec-Fetch-Dest") was successful  	[MsgId: MMSG-26392]
Action.c(176): web_add_auto_header("Sec-Fetch-Mode") started  	[MsgId: MMSG-26355]
Action.c(176): web_add_auto_header("Sec-Fetch-Mode") was successful  	[MsgId: MMSG-26392]
Action.c(180): web_add_auto_header("Sec-Fetch-Site") started  	[MsgId: MMSG-26355]
Action.c(180): web_add_auto_header("Sec-Fetch-Site") was successful  	[MsgId: MMSG-26392]
Action.c(183): web_add_header("Sec-Fetch-User") started  	[MsgId: MMSG-26355]
Action.c(183): web_add_header("Sec-Fetch-User") was successful  	[MsgId: MMSG-26392]
Action.c(186): web_add_header("Upgrade-Insecure-Requests") started  	[MsgId: MMSG-26355]
Action.c(186): web_add_header("Upgrade-Insecure-Requests") was successful  	[MsgId: MMSG-26392]
Action.c(190): web_submit_data("authenticate") started  	[MsgId: MMSG-26355]
Action.c(190): Redirecting "http://10.100.22.34:8083/login/authenticate" (redirection depth is 0)  	[MsgId: MMSG-26694]
Action.c(190): To location "http://10.100.22.34:8083/?token=9832801a-c146-4e6c-b607-0b911a032829"  	[MsgId: MMSG-26693]
Action.c(190): Registered web_reg_find successful for "Text=Welcome to PV Admin" (count=3)  	[MsgId: MMSG-26364]
Action.c(190): web_submit_data("authenticate") was successful, 3269 body bytes, 561 header bytes, 63 chunking overhead bytes  	[MsgId: MMSG-26385]
Action.c(203): web_add_header("Accept") started  	[MsgId: MMSG-26355]
Action.c(203): web_add_header("Accept") was successful  	[MsgId: MMSG-26392]
Action.c(207): web_concurrent_start started  	[MsgId: MMSG-26355]
Action.c(207): web_concurrent_start was successful  	[MsgId: MMSG-26392]
Action.c(209): web_url("application-3d87bac6ca7e570033e3b49e320180b2.css") started  	[MsgId: MMSG-26355]
Action.c(209): Registering web_url("application-3d87bac6ca7e570033e3b49e320180b2.css") was successful  	[MsgId: MMSG-26390]
Action.c(220): web_url("jquery-2.2.4-f3b292379cbb03d9a68dc04fb0ac6bf5.js") started  	[MsgId: MMSG-26355]
Action.c(220): Registering web_url("jquery-2.2.4-f3b292379cbb03d9a68dc04fb0ac6bf5.js") was successful  	[MsgId: MMSG-26390]
Action.c(231): web_url("UIConstants-e05f20031f3c986ffd86b552402112e0.js") started  	[MsgId: MMSG-26355]
Action.c(231): Registering web_url("UIConstants-e05f20031f3c986ffd86b552402112e0.js") was successful  	[MsgId: MMSG-26390]
Action.c(242): web_url("change-theme-d6b58272d1305acd108c19d477017de0.js") started  	[MsgId: MMSG-26355]
Action.c(242): Registering web_url("change-theme-d6b58272d1305acd108c19d477017de0.js") was successful  	[MsgId: MMSG-26390]
Action.c(253): web_url("application-73702747dcb4dc1831955be89087898f.js") started  	[MsgId: MMSG-26355]
Action.c(253): Registering web_url("application-73702747dcb4dc1831955be89087898f.js") was successful  	[MsgId: MMSG-26390]
Action.c(269): web_url("loadTheme") started  	[MsgId: MMSG-26355]
Action.c(269): Registering web_url("loadTheme") was successful  	[MsgId: MMSG-26390]
Action.c(281): web_url("en.json") started  	[MsgId: MMSG-26355]
Action.c(281): Registering web_url("en.json") was successful  	[MsgId: MMSG-26390]
Action.c(298): web_url("OpenSans-Regular-cffb686d7d2f4682df8342bd4d276e09.woff2") started  	[MsgId: MMSG-26355]
Action.c(298): Registering web_url("OpenSans-Regular-cffb686d7d2f4682df8342bd4d276e09.woff2") was successful  	[MsgId: MMSG-26390]
Action.c(311): web_url("fontawesome-webfont-af7ae505a9eed503f8b8e6982036873e.woff2") started  	[MsgId: MMSG-26355]
Action.c(311): Registering web_url("fontawesome-webfont-af7ae505a9eed503f8b8e6982036873e.woff2") was successful  	[MsgId: MMSG-26390]
Action.c(324): web_url("materialdesignicons-webfont-af3f6dbe172a9c1aba77366a2ff630d1.woff2") started  	[MsgId: MMSG-26355]
Action.c(324): Registering web_url("materialdesignicons-webfont-af3f6dbe172a9c1aba77366a2ff630d1.woff2") was successful  	[MsgId: MMSG-26390]
Action.c(331): web_concurrent_end started  	[MsgId: MMSG-26355]
Action.c(331): web_concurrent_end was successful, 750799 body bytes, 3202 header bytes, 21 chunking overhead bytes  	[MsgId: MMSG-26385]
Action.c(333): Notify: Transaction "ViewCaseFCE_02_Login" ended with a "Pass" status (Duration: 8.6069 Wasted Time: 0.4073).
Action.c(335): lr_think_time: 3.00 seconds.
Action.c(337): Notify: Transaction "ViewCaseFCE_03_NavigateToPVIntake" started.
Action.c(341): web_reg_save_param_regexp started  	[MsgId: MMSG-26355]
Action.c(341): Registering web_reg_save_param_regexp was successful  	[MsgId: MMSG-26390]
Action.c(350): web_reg_find started  	[MsgId: MMSG-26355]
Action.c(350): Registering web_reg_find was successful  	[MsgId: MMSG-26390]
Action.c(354): web_url("10.100.22.243:8081") started  	[MsgId: MMSG-26355]
Action.c(354): Redirecting "http://10.100.22.243:8081/" (redirection depth is 0)  	[MsgId: MMSG-26694]
Action.c(354): To location "http://10.100.22.243:8081/login/index"  	[MsgId: MMSG-26693]
Action.c(354): Redirecting "http://10.100.22.243:8081/login/index" (redirection depth is 1)  	[MsgId: MMSG-26694]
Action.c(354): To location "http://10.100.22.243:8081/login/auth?format="  	[MsgId: MMSG-26693]
Action.c(354): Redirecting "http://10.100.22.243:8081/login/auth?format=" (redirection depth is 2)  	[MsgId: MMSG-26694]
Action.c(354): To location "http://10.100.22.34:8083/auth?callBackUrl=http://10.100.22.243:8081/login/success"  	[MsgId: MMSG-26693]
Action.c(354): Redirecting "http://10.100.22.34:8083/auth?callBackUrl=http://10.100.22.243:8081/login/success" (redirection depth is 3)  	[MsgId: MMSG-26694]
Action.c(354): To location "http://10.100.22.243:8081/login/success?token=9832801a-c146-4e6c-b607-0b911a032829"  	[MsgId: MMSG-26693]
Action.c(354): Redirecting "http://10.100.22.243:8081/login/success?token=9832801a-c146-4e6c-b607-0b911a032829" (redirection depth is 4)  	[MsgId: MMSG-26694]
Action.c(354): To location "http://10.100.22.243:8081/"  	[MsgId: MMSG-26693]
Action.c(354): Registered web_reg_find successful for "Text=PV Intake" (count=1)  	[MsgId: MMSG-26364]
Action.c(354): web_url("10.100.22.243:8081") was successful, 24021 body bytes, 1580 header bytes, 364 chunking overhead bytes  	[MsgId: MMSG-26385]
Action.c(363): web_add_header("Accept") started  	[MsgId: MMSG-26355]
Action.c(363): web_add_header("Accept") was successful  	[MsgId: MMSG-26392]
Action.c(366): web_concurrent_start started  	[MsgId: MMSG-26355]
Action.c(366): web_concurrent_start was successful  	[MsgId: MMSG-26392]
Action.c(368): web_url("dashboard-manifest-b8c4a5998dad68d4595e4d0aa8d50016.css") started  	[MsgId: MMSG-26355]
Action.c(368): Registering web_url("dashboard-manifest-b8c4a5998dad68d4595e4d0aa8d50016.css") was successful  	[MsgId: MMSG-26390]
Action.c(379): web_url("application-13a1ddae267b7b6a32d12cfb1ac98e43.css") started  	[MsgId: MMSG-26355]
Action.c(379): Registering web_url("application-13a1ddae267b7b6a32d12cfb1ac98e43.css") was successful  	[MsgId: MMSG-26390]
Action.c(390): web_url("jquery-2.2.4-e72e6e97da5fd952079c33c415741fc6.js") started  	[MsgId: MMSG-26355]
Action.c(390): Registering web_url("jquery-2.2.4-e72e6e97da5fd952079c33c415741fc6.js") was successful  	[MsgId: MMSG-26390]
Action.c(401): web_url("application-a0469687a4859320633b35ed9c5374ee.js") started  	[MsgId: MMSG-26355]
Action.c(401): Registering web_url("application-a0469687a4859320633b35ed9c5374ee.js") was successful  	[MsgId: MMSG-26390]
Action.c(412): web_url("dashboard-manifest-10f1ed9d89cf396671bd4e3042b74253.js") started  	[MsgId: MMSG-26355]
Action.c(412): Registering web_url("dashboard-manifest-10f1ed9d89cf396671bd4e3042b74253.js") was successful  	[MsgId: MMSG-26390]
Action.c(423): web_url("attachmentViewer-manifest-b347c0c37643c7b9e173f4b09adae617.js") started  	[MsgId: MMSG-26355]
Action.c(423): Registering web_url("attachmentViewer-manifest-b347c0c37643c7b9e173f4b09adae617.js") was successful  	[MsgId: MMSG-26390]
Action.c(439): web_url("OpenSans-Regular-cffb686d7d2f4682df8342bd4d276e09.woff2_2") started  	[MsgId: MMSG-26355]
Action.c(439): Registering web_url("OpenSans-Regular-cffb686d7d2f4682df8342bd4d276e09.woff2_2") was successful  	[MsgId: MMSG-26390]
Action.c(476): web_url("materialdesignicons-webfont-af3f6dbe172a9c1aba77366a2ff630d1.woff2_2") started  	[MsgId: MMSG-26355]
Action.c(476): Registering web_url("materialdesignicons-webfont-af3f6dbe172a9c1aba77366a2ff630d1.woff2_2") was successful  	[MsgId: MMSG-26390]
Action.c(483): web_url("referenceData") started  	[MsgId: MMSG-26355]
Action.c(483): Registering web_url("referenceData") was successful  	[MsgId: MMSG-26390]
Action.c(495): web_url("loadServerTime") started  	[MsgId: MMSG-26355]
Action.c(495): Registering web_url("loadServerTime") was successful  	[MsgId: MMSG-26390]
Action.c(507): web_url("personalStats") started  	[MsgId: MMSG-26355]
Action.c(507): Registering web_url("personalStats") was successful  	[MsgId: MMSG-26390]
Action.c(519): web_url("fontawesome-webfont-af7ae505a9eed503f8b8e6982036873e.woff2_2") started  	[MsgId: MMSG-26355]
Action.c(519): Registering web_url("fontawesome-webfont-af7ae505a9eed503f8b8e6982036873e.woff2_2") was successful  	[MsgId: MMSG-26390]
Action.c(526): web_url("en-US.json") started  	[MsgId: MMSG-26355]
Action.c(526): Registering web_url("en-US.json") was successful  	[MsgId: MMSG-26390]
Action.c(535): web_url("1") started  	[MsgId: MMSG-26355]
Action.c(535): Registering web_url("1") was successful  	[MsgId: MMSG-26390]
Action.c(544): web_url("commentTemplate.html") started  	[MsgId: MMSG-26355]
Action.c(544): Registering web_url("commentTemplate.html") was successful  	[MsgId: MMSG-26390]
Action.c(553): web_url("contextMenuTemplate.html") started  	[MsgId: MMSG-26355]
Action.c(553): Registering web_url("contextMenuTemplate.html") was successful  	[MsgId: MMSG-26390]
Action.c(562): web_url("predefinedSearch.json") started  	[MsgId: MMSG-26355]
Action.c(562): Registering web_url("predefinedSearch.json") was successful  	[MsgId: MMSG-26390]
Action.c(571): web_url("copyOverlayTemplate.html") started  	[MsgId: MMSG-26355]
Action.c(571): Registering web_url("copyOverlayTemplate.html") was successful  	[MsgId: MMSG-26390]
Action.c(580): web_url("hyperlinkMenuTemplate.html") started  	[MsgId: MMSG-26355]
Action.c(580): Registering web_url("hyperlinkMenuTemplate.html") was successful  	[MsgId: MMSG-26390]
Action.c(589): web_url("redactionReason.json") started  	[MsgId: MMSG-26355]
Action.c(589): Registering web_url("redactionReason.json") was successful  	[MsgId: MMSG-26390]
Action.c(598): web_url("downloadOverlayTemplate.html") started  	[MsgId: MMSG-26355]
Action.c(598): Registering web_url("downloadOverlayTemplate.html") was successful  	[MsgId: MMSG-26390]
Action.c(607): web_concurrent_end started  	[MsgId: MMSG-26355]
Action.c(607): web_concurrent_end was successful, 1105343 body bytes, 6838 header bytes, 106 chunking overhead bytes  	[MsgId: MMSG-26385]
Action.c(612): web_add_header("X-CSRF-TOKEN") started  	[MsgId: MMSG-26355]
Action.c(612): web_add_header("X-CSRF-TOKEN") was successful  	[MsgId: MMSG-26392]
Action.c(615): web_submit_data("loadState") started  	[MsgId: MMSG-26355]
Action.c(615): web_submit_data("loadState") was successful, 623 body bytes, 250 header bytes, 28 chunking overhead bytes  	[MsgId: MMSG-26385]
Action.c(627): web_concurrent_start started  	[MsgId: MMSG-26355]
Action.c(627): web_concurrent_start was successful  	[MsgId: MMSG-26392]
Action.c(629): web_url("imageStampOverlayTemplate.html") started  	[MsgId: MMSG-26355]
Action.c(629): Registering web_url("imageStampOverlayTemplate.html") was successful  	[MsgId: MMSG-26390]
Action.c(638): web_url("pageRedactionOverlayTemplate.html") started  	[MsgId: MMSG-26355]
Action.c(638): Registering web_url("pageRedactionOverlayTemplate.html") was successful  	[MsgId: MMSG-26390]
Action.c(648): web_url("printOverlayTemplate.html") started  	[MsgId: MMSG-26355]
Action.c(648): Registering web_url("printOverlayTemplate.html") was successful  	[MsgId: MMSG-26390]
Action.c(657): web_url("printTemplate.html") started  	[MsgId: MMSG-26355]
Action.c(657): Registering web_url("printTemplate.html") was successful  	[MsgId: MMSG-26390]
Action.c(666): web_url("redactionReasonTemplate.html") started  	[MsgId: MMSG-26355]
Action.c(666): Registering web_url("redactionReasonTemplate.html") was successful  	[MsgId: MMSG-26390]
Action.c(675): web_url("unsavedChangesOverlayTemplate.html") started  	[MsgId: MMSG-26355]
Action.c(675): Registering web_url("unsavedChangesOverlayTemplate.html") was successful  	[MsgId: MMSG-26390]
Action.c(684): web_url("viewerTemplate.html") started  	[MsgId: MMSG-26355]
Action.c(684): Registering web_url("viewerTemplate.html") was successful  	[MsgId: MMSG-26390]
Action.c(693): web_concurrent_end started  	[MsgId: MMSG-26355]
Action.c(693): web_concurrent_end was successful, 10811 body bytes, 2493 header bytes  	[MsgId: MMSG-26386]
Action.c(695): web_add_auto_header("Accept") started  	[MsgId: MMSG-26355]
Action.c(695): web_add_auto_header("Accept") was successful  	[MsgId: MMSG-26392]
Action.c(698): web_add_header("Origin") started  	[MsgId: MMSG-26355]
Action.c(698): web_add_header("Origin") was successful  	[MsgId: MMSG-26392]
Action.c(701): web_add_header("X-CSRF-TOKEN") started  	[MsgId: MMSG-26355]
Action.c(701): web_add_header("X-CSRF-TOKEN") was successful  	[MsgId: MMSG-26392]
Action.c(704): web_submit_data("updateWidget") started  	[MsgId: MMSG-26355]
Action.c(704): web_submit_data("updateWidget") was successful, 41 body bytes, 250 header bytes, 21 chunking overhead bytes  	[MsgId: MMSG-26385]
Action.c(715): web_add_auto_header("Accept") started  	[MsgId: MMSG-26355]
Action.c(715): web_add_auto_header("Accept") was successful  	[MsgId: MMSG-26392]
Action.c(718): web_url("esignOverlayTemplate.html") started  	[MsgId: MMSG-26355]
Action.c(718): web_url("esignOverlayTemplate.html") was successful, 846 body bytes, 354 header bytes  	[MsgId: MMSG-26386]
Action.c(727): web_url("overwriteOverlayTemplate.html") started  	[MsgId: MMSG-26355]
Action.c(727): web_url("overwriteOverlayTemplate.html") was successful, 205 body bytes, 358 header bytes  	[MsgId: MMSG-26386]
Action.c(736): web_add_auto_header("Origin") started  	[MsgId: MMSG-26355]
Action.c(736): web_add_auto_header("Origin") was successful  	[MsgId: MMSG-26392]
Action.c(739): web_add_header("X-CSRF-TOKEN") started  	[MsgId: MMSG-26355]
Action.c(739): web_add_header("X-CSRF-TOKEN") was successful  	[MsgId: MMSG-26392]
Action.c(742): web_submit_data("1_2") started  	[MsgId: MMSG-26355]
Action.c(742): web_submit_data("1_2") was successful, 80 body bytes, 250 header bytes, 21 chunking overhead bytes  	[MsgId: MMSG-26385]
Action.c(1222): web_url("glyphicons-halflings-regular-448c34a56d699c29117adc64c43affeb.woff2") started  	[MsgId: MMSG-26355]
Action.c(1222): web_url("glyphicons-halflings-regular-448c34a56d699c29117adc64c43affeb.woff2") was successful, 18056 body bytes, 311 header bytes  	[MsgId: MMSG-26386]
Action.c(1229): Notify: Transaction "ViewCaseFCE_03_NavigateToPVIntake" ended with a "Pass" status (Duration: 20.6747 Wasted Time: 0.6321).
Action.c(1231): lr_think_time: 3.00 seconds.
Action.c(1234): Notify: Transaction "ViewCaseFCE_04_IntakeQueueMyCases" started.
Action.c(1236): web_add_header("Accept") started  	[MsgId: MMSG-26355]
Action.c(1236): web_add_header("Accept") was successful  	[MsgId: MMSG-26392]
Action.c(1239): web_add_auto_header("Accept-Encoding") started  	[MsgId: MMSG-26355]
Action.c(1239): web_add_auto_header("Accept-Encoding") was successful  	[MsgId: MMSG-26392]
Action.c(1242): web_add_auto_header("Accept-Language") started  	[MsgId: MMSG-26355]
Action.c(1242): web_add_auto_header("Accept-Language") was successful  	[MsgId: MMSG-26392]
Action.c(1245): web_add_header("Upgrade-Insecure-Requests") started  	[MsgId: MMSG-26355]
Action.c(1245): web_add_header("Upgrade-Insecure-Requests") was successful  	[MsgId: MMSG-26392]
Action.c(1248): web_add_auto_header("User-Agent") started  	[MsgId: MMSG-26355]
Action.c(1248): web_add_auto_header("User-Agent") was successful  	[MsgId: MMSG-26392]
Action.c(1251): web_reg_find started  	[MsgId: MMSG-26355]
Action.c(1251): Registering web_reg_find was successful  	[MsgId: MMSG-26390]
Action.c(1255): web_url("queue") started  	[MsgId: MMSG-26355]
Action.c(1255): Registered web_reg_find successful for "Text=PV Intake - Intake Queue" (count=1)  	[MsgId: MMSG-26364]
Action.c(1255): web_url("queue") was successful, 17273 body bytes, 265 header bytes, 253 chunking overhead bytes  	[MsgId: MMSG-26385]
Action.c(1264): web_add_auto_header("Accept") started  	[MsgId: MMSG-26355]
Action.c(1264): web_add_auto_header("Accept") was successful  	[MsgId: MMSG-26392]
Action.c(1267): web_add_auto_header("X-Requested-With") started  	[MsgId: MMSG-26355]
Action.c(1267): web_add_auto_header("X-Requested-With") was successful  	[MsgId: MMSG-26392]
Action.c(1270): web_concurrent_start started  	[MsgId: MMSG-26355]
Action.c(1270): web_concurrent_start was successful  	[MsgId: MMSG-26392]
Action.c(1272): web_url("en-US.json") started  	[MsgId: MMSG-26355]
Action.c(1272): Registering web_url("en-US.json") was successful  	[MsgId: MMSG-26390]
Action.c(1281): web_url("predefinedSearch.json") started  	[MsgId: MMSG-26355]
Action.c(1281): Registering web_url("predefinedSearch.json") was successful  	[MsgId: MMSG-26390]
Action.c(1290): web_url("redactionReason.json") started  	[MsgId: MMSG-26355]
Action.c(1290): Registering web_url("redactionReason.json") was successful  	[MsgId: MMSG-26390]
Action.c(1299): web_url("commentTemplate.html") started  	[MsgId: MMSG-26355]
Action.c(1299): Registering web_url("commentTemplate.html") was successful  	[MsgId: MMSG-26390]
Action.c(1308): web_url("contextMenuTemplate.html") started  	[MsgId: MMSG-26355]
Action.c(1308): Registering web_url("contextMenuTemplate.html") was successful  	[MsgId: MMSG-26390]
Action.c(1317): web_url("copyOverlayTemplate.html") started  	[MsgId: MMSG-26355]
Action.c(1317): Registering web_url("copyOverlayTemplate.html") was successful  	[MsgId: MMSG-26390]
Action.c(1326): web_url("downloadOverlayTemplate.html") started  	[MsgId: MMSG-26355]
Action.c(1326): Registering web_url("downloadOverlayTemplate.html") was successful  	[MsgId: MMSG-26390]
Action.c(1335): web_url("esignOverlayTemplate.html") started  	[MsgId: MMSG-26355]
Action.c(1335): Registering web_url("esignOverlayTemplate.html") was successful  	[MsgId: MMSG-26390]
Action.c(1344): web_url("hyperlinkMenuTemplate.html") started  	[MsgId: MMSG-26355]
Action.c(1344): Registering web_url("hyperlinkMenuTemplate.html") was successful  	[MsgId: MMSG-26390]
Action.c(1353): web_url("imageStampOverlayTemplate.html") started  	[MsgId: MMSG-26355]
Action.c(1353): Registering web_url("imageStampOverlayTemplate.html") was successful  	[MsgId: MMSG-26390]
Action.c(1362): web_url("overwriteOverlayTemplate.html") started  	[MsgId: MMSG-26355]
Action.c(1362): Registering web_url("overwriteOverlayTemplate.html") was successful  	[MsgId: MMSG-26390]
Action.c(1371): web_url("pageRedactionOverlayTemplate.html") started  	[MsgId: MMSG-26355]
Action.c(1371): Registering web_url("pageRedactionOverlayTemplate.html") was successful  	[MsgId: MMSG-26390]
Action.c(1380): web_url("printOverlayTemplate.html") started  	[MsgId: MMSG-26355]
Action.c(1380): Registering web_url("printOverlayTemplate.html") was successful  	[MsgId: MMSG-26390]
Action.c(1389): web_url("printTemplate.html") started  	[MsgId: MMSG-26355]
Action.c(1389): Registering web_url("printTemplate.html") was successful  	[MsgId: MMSG-26390]
Action.c(1398): web_url("redactionReasonTemplate.html") started  	[MsgId: MMSG-26355]
Action.c(1398): Registering web_url("redactionReasonTemplate.html") was successful  	[MsgId: MMSG-26390]
Action.c(1407): web_url("unsavedChangesOverlayTemplate.html") started  	[MsgId: MMSG-26355]
Action.c(1407): Registering web_url("unsavedChangesOverlayTemplate.html") was successful  	[MsgId: MMSG-26390]
Action.c(1416): web_url("viewerTemplate.html") started  	[MsgId: MMSG-26355]
Action.c(1416): Registering web_url("viewerTemplate.html") was successful  	[MsgId: MMSG-26390]
Action.c(1425): web_url("2") started  	[MsgId: MMSG-26355]
Action.c(1425): Registering web_url("2") was successful  	[MsgId: MMSG-26390]
Action.c(1438): web_url("loadServerTime") started  	[MsgId: MMSG-26355]
Action.c(1438): Registering web_url("loadServerTime") was successful  	[MsgId: MMSG-26390]
Action.c(1447): web_concurrent_end started  	[MsgId: MMSG-26355]
Action.c(1447): web_concurrent_end was successful, 23533 body bytes, 6518 header bytes, 63 chunking overhead bytes  	[MsgId: MMSG-26385]
Action.c(1449): web_add_auto_header("Accept") started  	[MsgId: MMSG-26355]
Action.c(1449): web_add_auto_header("Accept") was successful  	[MsgId: MMSG-26392]
Action.c(1452): web_add_auto_header("Origin") started  	[MsgId: MMSG-26355]
Action.c(1452): web_add_auto_header("Origin") was successful  	[MsgId: MMSG-26392]
Action.c(1455): web_add_auto_header("X-CSRF-TOKEN") started  	[MsgId: MMSG-26355]
Action.c(1455): web_add_auto_header("X-CSRF-TOKEN") was successful  	[MsgId: MMSG-26392]
Action.c(1458): web_submit_data("saveState") started  	[MsgId: MMSG-26355]
Action.c(1458): web_submit_data("saveState") was successful, 41 body bytes, 243 header bytes, 21 chunking overhead bytes  	[MsgId: MMSG-26385]
Action.c(1488): web_submit_data("saveState_2") started  	[MsgId: MMSG-26355]
Action.c(1488): web_submit_data("saveState_2") was successful, 41 body bytes, 243 header bytes, 21 chunking overhead bytes  	[MsgId: MMSG-26385]
Action.c(1518): web_submit_data("2_2") started  	[MsgId: MMSG-26355]
Action.c(1518): web_submit_data("2_2") was successful, 1728 body bytes, 250 header bytes, 42 chunking overhead bytes  	[MsgId: MMSG-26385]
Action.c(1998): web_remove_auto_header("Origin") started  	[MsgId: MMSG-26355]
Action.c(1998): Previous automatically added web header for "Origin" removed  	[MsgId: MMSG-26587]
Action.c(1998): web_remove/revert_auto_header("Origin") was successful  	[MsgId: MMSG-26392]
Action.c(2000): web_remove_auto_header("X-CSRF-TOKEN") started  	[MsgId: MMSG-26355]
Action.c(2000): Previous automatically added web header for "X-CSRF-TOKEN" removed  	[MsgId: MMSG-26587]
Action.c(2000): web_remove/revert_auto_header("X-CSRF-TOKEN") was successful  	[MsgId: MMSG-26392]
Action.c(2002): web_url("getActionViewList") started  	[MsgId: MMSG-26355]
Action.c(2002): web_url("getActionViewList") was successful, 1212 body bytes, 250 header bytes, 35 chunking overhead bytes  	[MsgId: MMSG-26385]
Action.c(2011): Notify: Transaction "ViewCaseFCE_04_IntakeQueueMyCases" ended with a "Pass" status (Duration: 7.6148 Wasted Time: 0.1327).
Action.c(2014): lr_think_time: 3.00 seconds.
Action.c(2017): Notify: Transaction "ViewCaseFCE_05_IntakeQueueAllCases" started.
Action.c(2019): web_submit_data("2_4") started  	[MsgId: MMSG-26355]
Action.c(2019): web_submit_data("2_4") was successful, 11913 body bytes, 250 header bytes, 182 chunking overhead bytes  	[MsgId: MMSG-26385]
Action.c(2499): web_submit_data("saveState_4") started  	[MsgId: MMSG-26355]
Action.c(2499): web_submit_data("saveState_4") was successful, 41 body bytes, 243 header bytes, 21 chunking overhead bytes  	[MsgId: MMSG-26385]
Action.c(2529): Notify: Transaction "ViewCaseFCE_05_IntakeQueueAllCases" ended with a "Pass" status (Duration: 3.1155 Wasted Time: 0.0438).
Action.c(2531): lr_think_time: 3.00 seconds.
Action.c(2533): Notify: Transaction "ViewCaseFCE_SearchCase" started.
Action.c(2535): web_custom_request("saveState_5") started  	[MsgId: MMSG-26355]
Action.c(2535): web_custom_request("saveState_5") was successful, 41 body bytes, 243 header bytes, 21 chunking overhead bytes  	[MsgId: MMSG-26385]
Action.c(2553): web_reg_save_param_ex started  	[MsgId: MMSG-26355]
Action.c(2553): Registering web_reg_save_param_ex was successful  	[MsgId: MMSG-26390]
Action.c(2561): web_reg_find started  	[MsgId: MMSG-26355]
Action.c(2561): Registering web_reg_find was successful  	[MsgId: MMSG-26390]
Action.c(2565): web_submit_data("2_5") started  	[MsgId: MMSG-26355]
Action.c(2565): Registered web_reg_find successful for "Text=20200800138" (count=2)  	[MsgId: MMSG-26364]
Action.c(2565): web_submit_data("2_5") was successful, 1552 body bytes, 250 header bytes, 36 chunking overhead bytes  	[MsgId: MMSG-26385]
Action.c(3045): web_submit_data("saveState_6") started  	[MsgId: MMSG-26355]
Action.c(3045): web_submit_data("saveState_6") was successful, 41 body bytes, 243 header bytes, 21 chunking overhead bytes  	[MsgId: MMSG-26385]
Action.c(3076): Notify: Transaction "ViewCaseFCE_SearchCase" ended with a "Pass" status (Duration: 2.4591 Wasted Time: 0.0294).
Action.c(3078): lr_think_time: 3.00 seconds.
Action.c(3080): Notify: Transaction "ViewCaseFCE_06_ViewCase_FCE_5Prod10Events" started.
Action.c(3084): web_reg_find started  	[MsgId: MMSG-26355]
Action.c(3084): Registering web_reg_find was successful  	[MsgId: MMSG-26390]
Action.c(3088): web_url("244399") started  	[MsgId: MMSG-26355]
Action.c(3088): Registered web_reg_find successful for "Text=PV Intake - Full Case Entry" (count=1)  	[MsgId: MMSG-26364]
Action.c(3088): web_url("244399") was successful, 76304 body bytes, 318 header bytes, 1069 chunking overhead bytes  	[MsgId: MMSG-26385]
Action.c(3097): web_concurrent_start started  	[MsgId: MMSG-26355]
Action.c(3097): web_concurrent_start was successful  	[MsgId: MMSG-26392]
Action.c(3099): web_url("case-entry-manifest-0691008e616302be087a77f0c4f6bc2a.css") started  	[MsgId: MMSG-26355]
Action.c(3099): Registering web_url("case-entry-manifest-0691008e616302be087a77f0c4f6bc2a.css") was successful  	[MsgId: MMSG-26390]
Action.c(3107): web_url("attachmentViewer-manifest-d21cd5ef9afc9d23b8e3146c7832bb09.css") started  	[MsgId: MMSG-26355]
Action.c(3107): Registering web_url("attachmentViewer-manifest-d21cd5ef9afc9d23b8e3146c7832bb09.css") was successful  	[MsgId: MMSG-26390]
Action.c(3115): web_url("case-entry-manifest-326b4b6f7e313829e23e4a6c86b40dfb.js") started  	[MsgId: MMSG-26355]
Action.c(3115): Registering web_url("case-entry-manifest-326b4b6f7e313829e23e4a6c86b40dfb.js") was successful  	[MsgId: MMSG-26390]
Action.c(3131): web_url("en-US.json_3") started  	[MsgId: MMSG-26355]
Action.c(3131): Registering web_url("en-US.json_3") was successful  	[MsgId: MMSG-26390]
Action.c(3140): web_url("predefinedSearch.json_3") started  	[MsgId: MMSG-26355]
Action.c(3140): Registering web_url("predefinedSearch.json_3") was successful  	[MsgId: MMSG-26390]
Action.c(3149): web_url("downloadOverlayTemplate.html_3") started  	[MsgId: MMSG-26355]
Action.c(3149): Registering web_url("downloadOverlayTemplate.html_3") was successful  	[MsgId: MMSG-26390]
Action.c(3158): web_url("contextMenuTemplate.html_3") started  	[MsgId: MMSG-26355]
Action.c(3158): Registering web_url("contextMenuTemplate.html_3") was successful  	[MsgId: MMSG-26390]
Action.c(3167): web_url("esignOverlayTemplate.html_3") started  	[MsgId: MMSG-26355]
Action.c(3167): Registering web_url("esignOverlayTemplate.html_3") was successful  	[MsgId: MMSG-26390]
Action.c(3176): web_url("imageStampOverlayTemplate.html_3") started  	[MsgId: MMSG-26355]
Action.c(3176): Registering web_url("imageStampOverlayTemplate.html_3") was successful  	[MsgId: MMSG-26390]
Action.c(3185): web_url("redactionReason.json_3") started  	[MsgId: MMSG-26355]
Action.c(3185): Registering web_url("redactionReason.json_3") was successful  	[MsgId: MMSG-26390]
Action.c(3194): web_url("overwriteOverlayTemplate.html_3") started  	[MsgId: MMSG-26355]
Action.c(3194): Registering web_url("overwriteOverlayTemplate.html_3") was successful  	[MsgId: MMSG-26390]
Action.c(3203): web_url("pageRedactionOverlayTemplate.html_3") started  	[MsgId: MMSG-26355]
Action.c(3203): Registering web_url("pageRedactionOverlayTemplate.html_3") was successful  	[MsgId: MMSG-26390]
Action.c(3212): web_url("printOverlayTemplate.html_3") started  	[MsgId: MMSG-26355]
Action.c(3212): Registering web_url("printOverlayTemplate.html_3") was successful  	[MsgId: MMSG-26390]
Action.c(3221): web_url("redactionReasonTemplate.html_3") started  	[MsgId: MMSG-26355]
Action.c(3221): Registering web_url("redactionReasonTemplate.html_3") was successful  	[MsgId: MMSG-26390]
Action.c(3230): web_url("viewerTemplate.html_3") started  	[MsgId: MMSG-26355]
Action.c(3230): Registering web_url("viewerTemplate.html_3") was successful  	[MsgId: MMSG-26390]
Action.c(3239): web_url("unsavedChangesOverlayTemplate.html_3") started  	[MsgId: MMSG-26355]
Action.c(3239): Registering web_url("unsavedChangesOverlayTemplate.html_3") was successful  	[MsgId: MMSG-26390]
Action.c(3248): web_url("fetchReferenceData") started  	[MsgId: MMSG-26355]
Action.c(3248): Registering web_url("fetchReferenceData") was successful  	[MsgId: MMSG-26390]
Action.c(3257): web_url("product_template.hbs") started  	[MsgId: MMSG-26355]
Action.c(3257): Registering web_url("product_template.hbs") was successful  	[MsgId: MMSG-26390]
Action.c(3264): web_url("commentTemplate.html_3") started  	[MsgId: MMSG-26355]
Action.c(3264): Registering web_url("commentTemplate.html_3") was successful  	[MsgId: MMSG-26390]
Action.c(3275): web_url("product_browser.hbs") started  	[MsgId: MMSG-26355]
Action.c(3275): Registering web_url("product_browser.hbs") was successful  	[MsgId: MMSG-26390]
Action.c(3282): web_url("meddra_template.hbs") started  	[MsgId: MMSG-26355]
Action.c(3282): Registering web_url("meddra_template.hbs") was successful  	[MsgId: MMSG-26390]
Action.c(3289): web_url("meddra_browser.hbs") started  	[MsgId: MMSG-26355]
Action.c(3289): Registering web_url("meddra_browser.hbs") was successful  	[MsgId: MMSG-26390]
Action.c(3296): web_url("study_template.hbs") started  	[MsgId: MMSG-26355]
Action.c(3296): Registering web_url("study_template.hbs") was successful  	[MsgId: MMSG-26390]
Action.c(3303): web_url("study_browser.hbs") started  	[MsgId: MMSG-26355]
Action.c(3303): Registering web_url("study_browser.hbs") was successful  	[MsgId: MMSG-26390]
Action.c(3312): web_url("hyperlinkMenuTemplate.html_3") started  	[MsgId: MMSG-26355]
Action.c(3312): Registering web_url("hyperlinkMenuTemplate.html_3") was successful  	[MsgId: MMSG-26390]
Action.c(3321): web_url("copyOverlayTemplate.html_3") started  	[MsgId: MMSG-26355]
Action.c(3321): Registering web_url("copyOverlayTemplate.html_3") was successful  	[MsgId: MMSG-26390]
Action.c(3333): web_url("loadServerTime_3") started  	[MsgId: MMSG-26355]
Action.c(3333): Registering web_url("loadServerTime_3") was successful  	[MsgId: MMSG-26390]
Action.c(3342): web_url("getIngredients") started  	[MsgId: MMSG-26355]
Action.c(3342): Registering web_url("getIngredients") was successful  	[MsgId: MMSG-26390]
Action.c(3354): web_url("fetchAllUser") started  	[MsgId: MMSG-26355]
Action.c(3354): Registering web_url("fetchAllUser") was successful  	[MsgId: MMSG-26390]
Action.c(3363): web_url("referenceData_2") started  	[MsgId: MMSG-26355]
Action.c(3363): Registering web_url("referenceData_2") was successful  	[MsgId: MMSG-26390]
Action.c(3372): web_url("referenceData_3") started  	[MsgId: MMSG-26355]
Action.c(3372): Registering web_url("referenceData_3") was successful  	[MsgId: MMSG-26390]
Action.c(3381): web_url("getKaseMedDraHierarchyStored") started  	[MsgId: MMSG-26355]
Action.c(3381): Registering web_url("getKaseMedDraHierarchyStored") was successful  	[MsgId: MMSG-26390]
Action.c(3390): web_url("getActionViewList_2") started  	[MsgId: MMSG-26355]
Action.c(3390): Registering web_url("getActionViewList_2") was successful  	[MsgId: MMSG-26390]
Action.c(3399): web_concurrent_end started  	[MsgId: MMSG-26355]
Action.c(3399): web_concurrent_end was successful, 1221136 body bytes, 10522 header bytes, 555 chunking overhead bytes  	[MsgId: MMSG-26385]
Action.c(3401): web_add_auto_header("Accept") started  	[MsgId: MMSG-26355]
Action.c(3401): web_add_auto_header("Accept") was successful  	[MsgId: MMSG-26392]
Action.c(3404): web_add_auto_header("Origin") started  	[MsgId: MMSG-26355]
Action.c(3404): web_add_auto_header("Origin") was successful  	[MsgId: MMSG-26392]
Action.c(3407): web_add_auto_header("X-CSRF-TOKEN") started  	[MsgId: MMSG-26355]
Action.c(3407): web_add_auto_header("X-CSRF-TOKEN") was successful  	[MsgId: MMSG-26392]
Action.c(3410): web_custom_request("fuqListForCase") started  	[MsgId: MMSG-26355]
Action.c(3410): web_custom_request("fuqListForCase") was successful, 80 body bytes, 250 header bytes, 21 chunking overhead bytes  	[MsgId: MMSG-26385]
Action.c(3425): web_custom_request("taskListForCase") started  	[MsgId: MMSG-26355]
Action.c(3425): web_custom_request("taskListForCase") was successful, 96 body bytes, 250 header bytes, 21 chunking overhead bytes  	[MsgId: MMSG-26385]
Action.c(3448): web_url("fetchAllTemplates") started  	[MsgId: MMSG-26355]
Action.c(3448): web_url("fetchAllTemplates") was successful, 14171 body bytes, 243 header bytes, 206 chunking overhead bytes  	[MsgId: MMSG-26385]
Action.c(3457): web_url("printTemplate.html_3") started  	[MsgId: MMSG-26355]
Action.c(3457): web_url("printTemplate.html_3") was successful, 2933 body bytes, 348 header bytes  	[MsgId: MMSG-26386]
Action.c(3468): Notify: Transaction "ViewCaseFCE_06_ViewCase_FCE_5Prod10Events" ended with a "Pass" status (Duration: 10.5616 Wasted Time: 1.1744).
Action.c(3470): lr_think_time: 3.00 seconds.
Action.c(3472): Notify: Transaction "ViewCaseFCE_07_Back" started.
Action.c(3474): web_concurrent_start started  	[MsgId: MMSG-26355]
Action.c(3474): web_concurrent_start was successful  	[MsgId: MMSG-26392]
Action.c(3476): web_url("en-US.json_4") started  	[MsgId: MMSG-26355]
Action.c(3476): Registering web_url("en-US.json_4") was successful  	[MsgId: MMSG-26390]
Action.c(3485): web_url("predefinedSearch.json_4") started  	[MsgId: MMSG-26355]
Action.c(3485): Registering web_url("predefinedSearch.json_4") was successful  	[MsgId: MMSG-26390]
Action.c(3494): web_url("downloadOverlayTemplate.html_4") started  	[MsgId: MMSG-26355]
Action.c(3494): Registering web_url("downloadOverlayTemplate.html_4") was successful  	[MsgId: MMSG-26390]
Action.c(3503): web_url("redactionReason.json_4") started  	[MsgId: MMSG-26355]
Action.c(3503): Registering web_url("redactionReason.json_4") was successful  	[MsgId: MMSG-26390]
Action.c(3512): web_url("hyperlinkMenuTemplate.html_4") started  	[MsgId: MMSG-26355]
Action.c(3512): Registering web_url("hyperlinkMenuTemplate.html_4") was successful  	[MsgId: MMSG-26390]
Action.c(3521): web_url("imageStampOverlayTemplate.html_4") started  	[MsgId: MMSG-26355]
Action.c(3521): Registering web_url("imageStampOverlayTemplate.html_4") was successful  	[MsgId: MMSG-26390]
Action.c(3530): web_url("esignOverlayTemplate.html_4") started  	[MsgId: MMSG-26355]
Action.c(3530): Registering web_url("esignOverlayTemplate.html_4") was successful  	[MsgId: MMSG-26390]
Action.c(3539): web_url("pageRedactionOverlayTemplate.html_4") started  	[MsgId: MMSG-26355]
Action.c(3539): Registering web_url("pageRedactionOverlayTemplate.html_4") was successful  	[MsgId: MMSG-26390]
Action.c(3548): web_url("printOverlayTemplate.html_4") started  	[MsgId: MMSG-26355]
Action.c(3548): Registering web_url("printOverlayTemplate.html_4") was successful  	[MsgId: MMSG-26390]
Action.c(3557): web_url("redactionReasonTemplate.html_4") started  	[MsgId: MMSG-26355]
Action.c(3557): Registering web_url("redactionReasonTemplate.html_4") was successful  	[MsgId: MMSG-26390]
Action.c(3566): web_url("viewerTemplate.html_4") started  	[MsgId: MMSG-26355]
Action.c(3566): Registering web_url("viewerTemplate.html_4") was successful  	[MsgId: MMSG-26390]
Action.c(3575): web_url("unsavedChangesOverlayTemplate.html_4") started  	[MsgId: MMSG-26355]
Action.c(3575): Registering web_url("unsavedChangesOverlayTemplate.html_4") was successful  	[MsgId: MMSG-26390]
Action.c(3584): web_url("2_6") started  	[MsgId: MMSG-26355]
Action.c(3584): Registering web_url("2_6") was successful  	[MsgId: MMSG-26390]
Action.c(3596): web_url("loadServerTime_4") started  	[MsgId: MMSG-26355]
Action.c(3596): Registering web_url("loadServerTime_4") was successful  	[MsgId: MMSG-26390]
Action.c(3608): web_url("copyOverlayTemplate.html_4") started  	[MsgId: MMSG-26355]
Action.c(3608): Registering web_url("copyOverlayTemplate.html_4") was successful  	[MsgId: MMSG-26390]
Action.c(3617): web_url("printTemplate.html_4") started  	[MsgId: MMSG-26355]
Action.c(3617): Registering web_url("printTemplate.html_4") was successful  	[MsgId: MMSG-26390]
Action.c(3626): web_url("commentTemplate.html_4") started  	[MsgId: MMSG-26355]
Action.c(3626): Registering web_url("commentTemplate.html_4") was successful  	[MsgId: MMSG-26390]
Action.c(3635): web_concurrent_end started  	[MsgId: MMSG-26355]
Action.c(3635): web_concurrent_end was successful, 20468 body bytes, 5806 header bytes, 63 chunking overhead bytes  	[MsgId: MMSG-26385]
Action.c(3637): web_add_auto_header("Origin") started  	[MsgId: MMSG-26355]
Action.c(3637): web_add_auto_header("Origin") was successful  	[MsgId: MMSG-26392]
Action.c(3640): web_add_auto_header("X-CSRF-TOKEN") started  	[MsgId: MMSG-26355]
Action.c(3640): web_add_auto_header("X-CSRF-TOKEN") was successful  	[MsgId: MMSG-26392]
Action.c(3643): web_submit_data("saveState_7") started  	[MsgId: MMSG-26355]
Action.c(3643): web_submit_data("saveState_7") was successful, 41 body bytes, 243 header bytes, 21 chunking overhead bytes  	[MsgId: MMSG-26385]
Action.c(3673): web_submit_data("2_7") started  	[MsgId: MMSG-26355]
Action.c(3673): web_submit_data("2_7") was successful, 1552 body bytes, 250 header bytes, 36 chunking overhead bytes  	[MsgId: MMSG-26385]
Action.c(4153): web_remove_auto_header("Origin") started  	[MsgId: MMSG-26355]
Action.c(4153): Previous automatically added web header for "Origin" removed  	[MsgId: MMSG-26587]
Action.c(4153): web_remove/revert_auto_header("Origin") was successful  	[MsgId: MMSG-26392]
Action.c(4155): web_remove_auto_header("X-CSRF-TOKEN") started  	[MsgId: MMSG-26355]
Action.c(4155): Previous automatically added web header for "X-CSRF-TOKEN" removed  	[MsgId: MMSG-26587]
Action.c(4155): web_remove/revert_auto_header("X-CSRF-TOKEN") was successful  	[MsgId: MMSG-26392]
Action.c(4157): web_url("getActionViewList_3") started  	[MsgId: MMSG-26355]
Action.c(4157): web_url("getActionViewList_3") was successful, 1212 body bytes, 250 header bytes, 35 chunking overhead bytes  	[MsgId: MMSG-26385]
Action.c(4166): web_add_auto_header("Origin") started  	[MsgId: MMSG-26355]
Action.c(4166): web_add_auto_header("Origin") was successful  	[MsgId: MMSG-26392]
Action.c(4169): web_add_auto_header("X-CSRF-TOKEN") started  	[MsgId: MMSG-26355]
Action.c(4169): web_add_auto_header("X-CSRF-TOKEN") was successful  	[MsgId: MMSG-26392]
Action.c(4172): web_submit_data("saveState_8") started  	[MsgId: MMSG-26355]
Action.c(4172): web_submit_data("saveState_8") was successful, 41 body bytes, 243 header bytes, 21 chunking overhead bytes  	[MsgId: MMSG-26385]
Action.c(4202): Notify: Transaction "ViewCaseFCE_07_Back" ended with a "Pass" status (Duration: 5.5318 Wasted Time: 0.1499).
Action.c(4204): lr_think_time: 3.00 seconds.
Action.c(4207): Notify: Transaction "ViewCaseFCE_ClearFilter" started.
Action.c(4209): web_custom_request("saveState_9") started  	[MsgId: MMSG-26355]
Action.c(4209): web_custom_request("saveState_9") was successful, 41 body bytes, 243 header bytes, 21 chunking overhead bytes  	[MsgId: MMSG-26385]
Action.c(4223): web_submit_data("2_8") started  	[MsgId: MMSG-26355]
Action.c(4223): web_submit_data("2_8") was successful, 12029 body bytes, 250 header bytes, 182 chunking overhead bytes  	[MsgId: MMSG-26385]
Action.c(4703): web_submit_data("saveState_10") started  	[MsgId: MMSG-26355]
Action.c(4703): web_submit_data("saveState_10") was successful, 41 body bytes, 243 header bytes, 21 chunking overhead bytes  	[MsgId: MMSG-26385]
Action.c(4733): Notify: Transaction "ViewCaseFCE_ClearFilter" ended with a "Pass" status (Duration: 2.5989 Wasted Time: 0.0467).
Action.c(4735): lr_think_time: 3.00 seconds.
Action.c(4737): Notify: Transaction "ViewCaseFCE_08_NavigateToPVAdmin" started.
Action.c(4740): web_reg_find started  	[MsgId: MMSG-26355]
Action.c(4740): Registering web_reg_find was successful  	[MsgId: MMSG-26390]
Action.c(4744): web_url("10.100.22.34:8083") started  	[MsgId: MMSG-26355]
Action.c(4744): Registered web_reg_find successful for "Text=Welcome to PV Admin" (count=3)  	[MsgId: MMSG-26364]
Action.c(4744): web_url("10.100.22.34:8083") was successful, 3269 body bytes, 265 header bytes, 63 chunking overhead bytes  	[MsgId: MMSG-26385]
Action.c(4755): web_url("en.json_2") started  	[MsgId: MMSG-26355]
Action.c(4755): web_url("en.json_2") was successful, 725 body bytes, 317 header bytes  	[MsgId: MMSG-26386]
Action.c(4762): Notify: Transaction "ViewCaseFCE_08_NavigateToPVAdmin" ended with a "Pass" status (Duration: 1.4872 Wasted Time: 0.0217).
Action.c(4764): lr_think_time: 3.00 seconds.
Action.c(4766): Notify: Transaction "ViewCaseFCE_11_Logout" started.
Action.c(4768): web_reg_find started  	[MsgId: MMSG-26355]
Action.c(4768): Registering web_reg_find was successful  	[MsgId: MMSG-26390]
Action.c(4772): web_url("Logout") started  	[MsgId: MMSG-26355]
Action.c(4772): Redirecting "http://10.100.22.34:8083/logout" (redirection depth is 0)  	[MsgId: MMSG-26694]
Action.c(4772): To location "http://10.100.22.34:8083/logoff"  	[MsgId: MMSG-26693]
Action.c(4772): Redirecting "http://10.100.22.34:8083/logoff" (redirection depth is 1)  	[MsgId: MMSG-26694]
Action.c(4772): To location "http://10.100.22.34:8083/external"  	[MsgId: MMSG-26693]
Action.c(4772): Registered web_reg_find successful for "Text=Login" (count=1)  	[MsgId: MMSG-26364]
Action.c(4772): web_url("Logout") was successful, 1178 body bytes, 748 header bytes, 35 chunking overhead bytes  	[MsgId: MMSG-26385]
Action.c(4781): Notify: Transaction "ViewCaseFCE_11_Logout" ended with a "Pass" status (Duration: 2.1633 Wasted Time: 0.0125).
Action.c(4783): lr_think_time: 3.00 seconds.
Ending action Action.
Ending iteration 1.
Ending Vuser...
Starting action vuser_end.
Ending action vuser_end.
Vuser Terminated.
